#
# A fatal error has been detected by the Java Runtime Environment:
#
#  SIGSEGV (0xb) at pc=0x0000000109fcda18, pid=39821, tid=0x0000000000000103
#
# JRE version: OpenJDK Runtime Environment (8.0_322-b06) (build 1.8.0_322-b06)
# Java VM: OpenJDK 64-Bit Server VM (25.322-b06 mixed mode bsd-aarch64 compressed oops)
# Problematic frame:
# J 680 C2 sun.nio.cs.UTF_8$Encoder.encodeArrayLoop(Ljava/nio/CharBuffer;Ljava/nio/ByteBuffer;)Ljava/nio/charset/CoderResult; (489 bytes) @ 0x0000000109fcda18 [0x0000000109fcda00+0x18]
#
# Failed to write core dump. Core dumps have been disabled. To enable core dumping, try "ulimit -c unlimited" before starting Java again
#
# If you would like to submit a bug report, please visit:
#   https://bell-sw.com/support
#

---------------  T H R E A D  ---------------

Current thread (0x00000001450d5000):  JavaThread "JavaFX Application Thread" [_thread_in_Java, id=259, stack(0x0000000169218000,0x000000016b218000)]

siginfo: si_signo: 11 (SIGSEGV), si_code: 2 (SEGV_ACCERR), si_addr: 0x000000016aa1bfe0

Registers:
 x0=0x00000007961d1858  x1=0x0000000797786368  x2=0x00000007961d1858  x3=0x0000000797768478
 x4=0x0000000000000001  x5=0x0000000000000000  x6=0x0000000797794e48  x7=0x0000000000000000
 x8=0x000000000000994d  x9=0xffffffffffff0000 x10=0x00000007977684a8 x11=0x00000007976005e0
x12=0x0000000797600630 x13=0x0000000000000000 x14=0x0000000797768478 x15=0x00000000f2c3a308
x16=0x0000000797786368 x17=0x00000007961d1840 x18=0x0000000000000001 x19=0x00000007961d1898
x20=0x000000016aa2e040 x21=0x00000001096a39f0 x22=0x0000000116b1af2b x23=0x000000016b2117e0
x24=0x000000016aa2e030 x25=0x0000000000000001 x26=0x0000000116b1b638 x27=0x0000000000000000
x28=0x00000001450d5000  fp=0x000000016b0ef250  lr=0x0000000109ff94bc  sp=0x000000016aa2bfe0
pc=0x0000000109fcda18 cpsr=0x0000000060000000
Top of Stack: (sp=0x000000016aa2bfe0)
0x000000016aa2bfe0:   72676b6361622f73 00000007961d1840
0x000000016aa2bff0:   00000007976005e0 0000000797600630
0x000000016aa2c000:   0000000797786368 00000007961d1858
0x000000016aa2c010:   0000000797768478 73726573552f3a65
0x000000016aa2c020:   65442f72696d612f 72702f706f746b73
0x000000016aa2c030:   72672d7463656a6f 742f36312d70756f
0x000000016aa2c040:   0000000000000009 68702f7365737361
0x000000016aa2c050:   000000016b0ef250 0000000109fc64f4
0x000000016aa2c060:   2e736c656e61702f 7270222c2267706a
0x000000016aa2c070:   3a2273736572676f 3a226e616562227b
0x000000016aa2c080:   223a226c7275227b 73552f3a656c6966
0x000000016aa2c090:   00000007976005e0 00000007961d1840
0x000000016aa2c0a0:   7463656a00000001 312d70756f72672d
0x000000016aa2c0b0:   7465677261742f36 73657373616c632f
0x000000016aa2c0c0:   000000016b0ef250 0000000109fc6a70
0x000000016aa2c0d0:   000000016aa2c0f0 0000000109532240
0x000000016aa2c0e0:   00000001450d5000 000000016aa2c148
0x000000016aa2c0f0:   000000016aa2c100 00000001095321e4
0x000000016aa2c100:   000000016b0ef250 0000000109fd55e0
0x000000016aa2c110:   00000001450d5000 0000000797768478
0x000000016aa2c120:   000000016aa2c130 000000010952bd04
0x000000016aa2c130:   0000000797786368 0000000109fde210
0x000000016aa2c140:   702f73646e756f72 00000001450d5000
0x000000016aa2c150:   000000016b0ef250 0000000109fda798
0x000000016aa2c160:   000000016aa2c1c0 0000000109e44ef4
0x000000016aa2c170:   000000016b0ef250 0000000109ff8d30
0x000000016aa2c180:   0000000797600630 0000000109ff0ee4
0x000000016aa2c190:   000000016b0ef250 0000000109fd874c
0x000000016aa2c1a0:   00000007976005e0 0000000797600630
0x000000016aa2c1b0:   0000000797786368 00000007961d1810
0x000000016aa2c1c0:   0000000797768478 00000007961d17c8
0x000000016aa2c1d0:   0000000797768478 0000000797786368 

Instructions: (pc=0x0000000109fcda18)
0x0000000109fcd9f8:   00 00 00 00 00 00 00 00 28 08 40 b9 3f 01 08 6b
0x0000000109fcda08:   40 00 00 54 0d 18 f6 17 1f 20 03 d5 e9 bf 70 b2
0x0000000109fcda18:   ff 6b 29 f8 ff 03 02 d1 fd 7b 07 a9 e3 07 00 f9
0x0000000109fcda28:   e1 13 00 f9 4b 2c 40 b9 72 f1 7d d3 43 0e 40 b9 


Register to memory mapping:

 x0=0x00000007961d1858 is an oop
java.nio.HeapCharBuffer 
 - klass: 'java/nio/HeapCharBuffer'
 x1=0x0000000797786368 is an oop
sun.nio.cs.UTF_8$Encoder 
 - klass: 'sun/nio/cs/UTF_8$Encoder'
 x2=0x00000007961d1858 is an oop
java.nio.HeapCharBuffer 
 - klass: 'java/nio/HeapCharBuffer'
 x3=0x0000000797768478 is an oop
java.nio.HeapByteBuffer 
 - klass: 'java/nio/HeapByteBuffer'
 x4=0x0000000000000001 is an unknown value
 x5=0x0000000000000000 is an unknown value
 x6=0x0000000797794e48 is an oop
java.lang.String 
 - klass: 'java/lang/String'
 x7=0x0000000000000000 is an unknown value
 x8=0x000000000000994d is an unknown value
 x9=0xffffffffffff0000 is an unknown value
x10=0x00000007977684a8 is an oop
[B 
 - klass: {type array byte}
 - length: 8192
x11=0x00000007976005e0 is an oop
sun.nio.cs.StreamEncoder 
 - klass: 'sun/nio/cs/StreamEncoder'
x12=0x0000000797600630 is an oop
java.io.FileWriter 
 - klass: 'java/io/FileWriter'
x13=0x0000000000000000 is an unknown value
x14=0x0000000797768478 is an oop
java.nio.HeapByteBuffer 
 - klass: 'java/nio/HeapByteBuffer'
x15=0x00000000f2c3a308 is an unknown value
x16=0x0000000797786368 is an oop
sun.nio.cs.UTF_8$Encoder 
 - klass: 'sun/nio/cs/UTF_8$Encoder'
x17=0x00000007961d1840 is an oop
[C 
 - klass: {type array char}
 - length: 1
x18=0x0000000000000001 is an unknown value
x19=0x00000007961d1898 is an oop

[error occurred during error reporting (printing register info), id 0xb]

Stack: [0x0000000169218000,0x000000016b218000],  sp=0x000000016aa2bfe0,  free space=24655k
Native frames: (J=compiled Java code, j=interpreted, Vv=VM code, C=native code)
J 680 C2 sun.nio.cs.UTF_8$Encoder.encodeArrayLoop(Ljava/nio/CharBuffer;Ljava/nio/ByteBuffer;)Ljava/nio/charset/CoderResult; (489 bytes) @ 0x0000000109fcda18 [0x0000000109fcda00+0x18]
J 677 C1 sun.nio.cs.StreamEncoder.write(Ljava/lang/String;II)V (37 bytes) @ 0x0000000109fc64f4 [0x0000000109fc6280+0x274]
J 676 C1 java.io.OutputStreamWriter.write(Ljava/lang/String;II)V (11 bytes) @ 0x0000000109fc6a70 [0x0000000109fc69c0+0xb0]
J 701 C1 java.io.Writer.write(Ljava/lang/String;)V (11 bytes) @ 0x0000000109fd55e0 [0x0000000109fd53c0+0x220]
J 706 C1 java.io.Writer.append(Ljava/lang/CharSequence;)Ljava/io/Writer; (25 bytes) @ 0x0000000109fda798 [0x0000000109fda480+0x318]
J 700 C1 com.google.gson.stream.JsonWriter.beforeValue()V (134 bytes) @ 0x0000000109fd874c [0x0000000109fd8480+0x2cc]
J 717 C1 com.google.gson.stream.JsonWriter.beginObject()Lcom/google/gson/stream/JsonWriter; (12 bytes) @ 0x0000000109fdd478 [0x0000000109fdd280+0x1f8]
J 696 C1 com.google.gson.internal.bind.ReflectiveTypeAdapterFactory$Adapter.write(Lcom/google/gson/stream/JsonWriter;Ljava/lang/Object;)V (98 bytes) @ 0x0000000109fcabbc [0x0000000109fcaa40+0x17c]
J 729 C1 com.google.gson.internal.bind.ObjectTypeAdapter.write(Lcom/google/gson/stream/JsonWriter;Ljava/lang/Object;)V (47 bytes) @ 0x0000000109fe52f4 [0x0000000109fe4bc0+0x734]
J 685 C1 com.google.gson.internal.bind.TypeAdapterRuntimeTypeWrapper.write(Lcom/google/gson/stream/JsonWriter;Ljava/lang/Object;)V (81 bytes) @ 0x0000000109fcd228 [0x0000000109fcc880+0x9a8]
J 692 C1 com.google.gson.internal.bind.ReflectiveTypeAdapterFactory$1.write(Lcom/google/gson/stream/JsonWriter;Ljava/lang/Object;)V (55 bytes) @ 0x0000000109fd621c [0x0000000109fd5d80+0x49c]
J 696 C1 com.google.gson.internal.bind.ReflectiveTypeAdapterFactory$Adapter.write(Lcom/google/gson/stream/JsonWriter;Ljava/lang/Object;)V (98 bytes) @ 0x0000000109fcb168 [0x0000000109fcaa40+0x728]
J 685 C1 com.google.gson.internal.bind.TypeAdapterRuntimeTypeWrapper.write(Lcom/google/gson/stream/JsonWriter;Ljava/lang/Object;)V (81 bytes) @ 0x0000000109fcd228 [0x0000000109fcc880+0x9a8]
J 692 C1 com.google.gson.internal.bind.ReflectiveTypeAdapterFactory$1.write(Lcom/google/gson/stream/JsonWriter;Ljava/lang/Object;)V (55 bytes) @ 0x0000000109fd621c [0x0000000109fd5d80+0x49c]
J 696 C1 com.google.gson.internal.bind.ReflectiveTypeAdapterFactory$Adapter.write(Lcom/google/gson/stream/JsonWriter;Ljava/lang/Object;)V (98 bytes) @ 0x0000000109fcb168 [0x0000000109fcaa40+0x728]
J 729 C1 com.google.gson.internal.bind.ObjectTypeAdapter.write(Lcom/google/gson/stream/JsonWriter;Ljava/lang/Object;)V (47 bytes) @ 0x0000000109fe52f4 [0x0000000109fe4bc0+0x734]
J 685 C1 com.google.gson.internal.bind.TypeAdapterRuntimeTypeWrapper.write(Lcom/google/gson/stream/JsonWriter;Ljava/lang/Object;)V (81 bytes) @ 0x0000000109fcd228 [0x0000000109fcc880+0x9a8]
J 692 C1 com.google.gson.internal.bind.ReflectiveTypeAdapterFactory$1.write(Lcom/google/gson/stream/JsonWriter;Ljava/lang/Object;)V (55 bytes) @ 0x0000000109fd621c [0x0000000109fd5d80+0x49c]
J 696 C1 com.google.gson.internal.bind.ReflectiveTypeAdapterFactory$Adapter.write(Lcom/google/gson/stream/JsonWriter;Ljava/lang/Object;)V (98 bytes) @ 0x0000000109fcb168 [0x0000000109fcaa40+0x728]
J 685 C1 com.google.gson.internal.bind.TypeAdapterRuntimeTypeWrapper.write(Lcom/google/gson/stream/JsonWriter;Ljava/lang/Object;)V (81 bytes) @ 0x0000000109fcd228 [0x0000000109fcc880+0x9a8]
J 692 C1 com.google.gson.internal.bind.ReflectiveTypeAdapterFactory$1.write(Lcom/google/gson/stream/JsonWriter;Ljava/lang/Object;)V (55 bytes) @ 0x0000000109fd621c [0x0000000109fd5d80+0x49c]
J 696 C1 com.google.gson.internal.bind.ReflectiveTypeAdapterFactory$Adapter.write(Lcom/google/gson/stream/JsonWriter;Ljava/lang/Object;)V (98 bytes) @ 0x0000000109fcb168 [0x0000000109fcaa40+0x728]
J 729 C1 com.google.gson.internal.bind.ObjectTypeAdapter.write(Lcom/google/gson/stream/JsonWriter;Ljava/lang/Object;)V (47 bytes) @ 0x0000000109fe52f4 [0x0000000109fe4bc0+0x734]
J 685 C1 com.google.gson.internal.bind.TypeAdapterRuntimeTypeWrapper.write(Lcom/google/gson/stream/JsonWriter;Ljava/lang/Object;)V (81 bytes) @ 0x0000000109fcd228 [0x0000000109fcc880+0x9a8]
J 692 C1 com.google.gson.internal.bind.ReflectiveTypeAdapterFactory$1.write(Lcom/google/gson/stream/JsonWriter;Ljava/lang/Object;)V (55 bytes) @ 0x0000000109fd621c [0x0000000109fd5d80+0x49c]
J 696 C1 com.google.gson.internal.bind.ReflectiveTypeAdapterFactory$Adapter.write(Lcom/google/gson/stream/JsonWriter;Ljava/lang/Object;)V (98 bytes) @ 0x0000000109fcb168 [0x0000000109fcaa40+0x728]
J 685 C1 com.google.gson.internal.bind.TypeAdapterRuntimeTypeWrapper.write(Lcom/google/gson/stream/JsonWriter;Ljava/lang/Object;)V (81 bytes) @ 0x0000000109fcd228 [0x0000000109fcc880+0x9a8]
J 692 C1 com.google.gson.internal.bind.ReflectiveTypeAdapterFactory$1.write(Lcom/google/gson/stream/JsonWriter;Ljava/lang/Object;)V (55 bytes) @ 0x0000000109fd621c [0x0000000109fd5d80+0x49c]
J 696 C1 com.google.gson.internal.bind.ReflectiveTypeAdapterFactory$Adapter.write(Lcom/google/gson/stream/JsonWriter;Ljava/lang/Object;)V (98 bytes) @ 0x0000000109fcb168 [0x0000000109fcaa40+0x728]
J 729 C1 com.google.gson.internal.bind.ObjectTypeAdapter.write(Lcom/google/gson/stream/JsonWriter;Ljava/lang/Object;)V (47 bytes) @ 0x0000000109fe52f4 [0x0000000109fe4bc0+0x734]
J 685 C1 com.google.gson.internal.bind.TypeAdapterRuntimeTypeWrapper.write(Lcom/google/gson/stream/JsonWriter;Ljava/lang/Object;)V (81 bytes) @ 0x0000000109fcd228 [0x0000000109fcc880+0x9a8]
J 692 C1 com.google.gson.internal.bind.ReflectiveTypeAdapterFactory$1.write(Lcom/google/gson/stream/JsonWriter;Ljava/lang/Object;)V (55 bytes) @ 0x0000000109fd621c [0x0000000109fd5d80+0x49c]
J 696 C1 com.google.gson.internal.bind.ReflectiveTypeAdapterFactory$Adapter.write(Lcom/google/gson/stream/JsonWriter;Ljava/lang/Object;)V (98 bytes) @ 0x0000000109fcb168 [0x0000000109fcaa40+0x728]
J 685 C1 com.google.gson.internal.bind.TypeAdapterRuntimeTypeWrapper.write(Lcom/google/gson/stream/JsonWriter;Ljava/lang/Object;)V (81 bytes) @ 0x0000000109fcd228 [0x0000000109fcc880+0x9a8]
J 692 C1 com.google.gson.internal.bind.ReflectiveTypeAdapterFactory$1.write(Lcom/google/gson/stream/JsonWriter;Ljava/lang/Object;)V (55 bytes) @ 0x0000000109fd621c [0x0000000109fd5d80+0x49c]
J 696 C1 com.google.gson.internal.bind.ReflectiveTypeAdapterFactory$Adapter.write(Lcom/google/gson/stream/JsonWriter;Ljava/lang/Object;)V (98 bytes) @ 0x0000000109fcb168 [0x0000000109fcaa40+0x728]
J 729 C1 com.google.gson.internal.bind.ObjectTypeAdapter.write(Lcom/google/gson/stream/JsonWriter;Ljava/lang/Object;)V (47 bytes) @ 0x0000000109fe52f4 [0x0000000109fe4bc0+0x734]
J 685 C1 com.google.gson.internal.bind.TypeAdapterRuntimeTypeWrapper.write(Lcom/google/gson/stream/JsonWriter;Ljava/lang/Object;)V (81 bytes) @ 0x0000000109fcd228 [0x0000000109fcc880+0x9a8]
J 692 C1 com.google.gson.internal.bind.ReflectiveTypeAdapterFactory$1.write(Lcom/google/gson/stream/JsonWriter;Ljava/lang/Object;)V (55 bytes) @ 0x0000000109fd621c [0x0000000109fd5d80+0x49c]
J 696 C1 com.google.gson.internal.bind.ReflectiveTypeAdapterFactory$Adapter.write(Lcom/google/gson/stream/JsonWriter;Ljava/lang/Object;)V (98 bytes) @ 0x0000000109fcb168 [0x0000000109fcaa40+0x728]
J 685 C1 com.google.gson.internal.bind.TypeAdapterRuntimeTypeWrapper.write(Lcom/google/gson/stream/JsonWriter;Ljava/lang/Object;)V (81 bytes) @ 0x0000000109fcd228 [0x0000000109fcc880+0x9a8]
J 692 C1 com.google.gson.internal.bind.ReflectiveTypeAdapterFactory$1.write(Lcom/google/gson/stream/JsonWriter;Ljava/lang/Object;)V (55 bytes) @ 0x0000000109fd621c [0x0000000109fd5d80+0x49c]
J 696 C1 com.google.gson.internal.bind.ReflectiveTypeAdapterFactory$Adapter.write(Lcom/google/gson/stream/JsonWriter;Ljava/lang/Object;)V (98 bytes) @ 0x0000000109fcb168 [0x0000000109fcaa40+0x728]
J 729 C1 com.google.gson.internal.bind.ObjectTypeAdapter.write(Lcom/google/gson/stream/JsonWriter;Ljava/lang/Object;)V (47 bytes) @ 0x0000000109fe52f4 [0x0000000109fe4bc0+0x734]
J 685 C1 com.google.gson.internal.bind.TypeAdapterRuntimeTypeWrapper.write(Lcom/google/gson/stream/JsonWriter;Ljava/lang/Object;)V (81 bytes) @ 0x0000000109fcd228 [0x0000000109fcc880+0x9a8]
J 692 C1 com.google.gson.internal.bind.ReflectiveTypeAdapterFactory$1.write(Lcom/google/gson/stream/JsonWriter;Ljava/lang/Object;)V (55 bytes) @ 0x0000000109fd621c [0x0000000109fd5d80+0x49c]
J 696 C1 com.google.gson.internal.bind.ReflectiveTypeAdapterFactory$Adapter.write(Lcom/google/gson/stream/JsonWriter;Ljava/lang/Object;)V (98 bytes) @ 0x0000000109fcb168 [0x0000000109fcaa40+0x728]
J 685 C1 com.google.gson.internal.bind.TypeAdapterRuntimeTypeWrapper.write(Lcom/google/gson/stream/JsonWriter;Ljava/lang/Object;)V (81 bytes) @ 0x0000000109fcd228 [0x0000000109fcc880+0x9a8]
J 692 C1 com.google.gson.internal.bind.ReflectiveTypeAdapterFactory$1.write(Lcom/google/gson/stream/JsonWriter;Ljava/lang/Object;)V (55 bytes) @ 0x0000000109fd621c [0x0000000109fd5d80+0x49c]
J 696 C1 com.google.gson.internal.bind.ReflectiveTypeAdapterFactory$Adapter.write(Lcom/google/gson/stream/JsonWriter;Ljava/lang/Object;)V (98 bytes) @ 0x0000000109fcb168 [0x0000000109fcaa40+0x728]
J 729 C1 com.google.gson.internal.bind.ObjectTypeAdapter.write(Lcom/google/gson/stream/JsonWriter;Ljava/lang/Object;)V (47 bytes) @ 0x0000000109fe52f4 [0x0000000109fe4bc0+0x734]
J 685 C1 com.google.gson.internal.bind.TypeAdapterRuntimeTypeWrapper.write(Lcom/google/gson/stream/JsonWriter;Ljava/lang/Object;)V (81 bytes) @ 0x0000000109fcd228 [0x0000000109fcc880+0x9a8]
J 692 C1 com.google.gson.internal.bind.ReflectiveTypeAdapterFactory$1.write(Lcom/google/gson/stream/JsonWriter;Ljava/lang/Object;)V (55 bytes) @ 0x0000000109fd621c [0x0000000109fd5d80+0x49c]
J 696 C1 com.google.gson.internal.bind.ReflectiveTypeAdapterFactory$Adapter.write(Lcom/google/gson/stream/JsonWriter;Ljava/lang/Object;)V (98 bytes) @ 0x0000000109fcb168 [0x0000000109fcaa40+0x728]
J 685 C1 com.google.gson.internal.bind.TypeAdapterRuntimeTypeWrapper.write(Lcom/google/gson/stream/JsonWriter;Ljava/lang/Object;)V (81 bytes) @ 0x0000000109fcd228 [0x0000000109fcc880+0x9a8]
J 692 C1 com.google.gson.internal.bind.ReflectiveTypeAdapterFactory$1.write(Lcom/google/gson/stream/JsonWriter;Ljava/lang/Object;)V (55 bytes) @ 0x0000000109fd621c [0x0000000109fd5d80+0x49c]
J 696 C1 com.google.gson.internal.bind.ReflectiveTypeAdapterFactory$Adapter.write(Lcom/google/gson/stream/JsonWriter;Ljava/lang/Object;)V (98 bytes) @ 0x0000000109fcb168 [0x0000000109fcaa40+0x728]
J 729 C1 com.google.gson.internal.bind.ObjectTypeAdapter.write(Lcom/google/gson/stream/JsonWriter;Ljava/lang/Object;)V (47 bytes) @ 0x0000000109fe52f4 [0x0000000109fe4bc0+0x734]
J 685 C1 com.google.gson.internal.bind.TypeAdapterRuntimeTypeWrapper.write(Lcom/google/gson/stream/JsonWriter;Ljava/lang/Object;)V (81 bytes) @ 0x0000000109fcd228 [0x0000000109fcc880+0x9a8]
J 692 C1 com.google.gson.internal.bind.ReflectiveTypeAdapterFactory$1.write(Lcom/google/gson/stream/JsonWriter;Ljava/lang/Object;)V (55 bytes) @ 0x0000000109fd621c [0x0000000109fd5d80+0x49c]
J 696 C1 com.google.gson.internal.bind.ReflectiveTypeAdapterFactory$Adapter.write(Lcom/google/gson/stream/JsonWriter;Ljava/lang/Object;)V (98 bytes) @ 0x0000000109fcb168 [0x0000000109fcaa40+0x728]
J 685 C1 com.google.gson.internal.bind.TypeAdapterRuntimeTypeWrapper.write(Lcom/google/gson/stream/JsonWriter;Ljava/lang/Object;)V (81 bytes) @ 0x0000000109fcd228 [0x0000000109fcc880+0x9a8]
J 692 C1 com.google.gson.internal.bind.ReflectiveTypeAdapterFactory$1.write(Lcom/google/gson/stream/JsonWriter;Ljava/lang/Object;)V (55 bytes) @ 0x0000000109fd621c [0x0000000109fd5d80+0x49c]
J 696 C1 com.google.gson.internal.bind.ReflectiveTypeAdapterFactory$Adapter.write(Lcom/google/gson/stream/JsonWriter;Ljava/lang/Object;)V (98 bytes) @ 0x0000000109fcb168 [0x0000000109fcaa40+0x728]
J 729 C1 com.google.gson.internal.bind.ObjectTypeAdapter.write(Lcom/google/gson/stream/JsonWriter;Ljava/lang/Object;)V (47 bytes) @ 0x0000000109fe52f4 [0x0000000109fe4bc0+0x734]
J 685 C1 com.google.gson.internal.bind.TypeAdapterRuntimeTypeWrapper.write(Lcom/google/gson/stream/JsonWriter;Ljava/lang/Object;)V (81 bytes) @ 0x0000000109fcd228 [0x0000000109fcc880+0x9a8]
J 692 C1 com.google.gson.internal.bind.ReflectiveTypeAdapterFactory$1.write(Lcom/google/gson/stream/JsonWriter;Ljava/lang/Object;)V (55 bytes) @ 0x0000000109fd621c [0x0000000109fd5d80+0x49c]
J 696 C1 com.google.gson.internal.bind.ReflectiveTypeAdapterFactory$Adapter.write(Lcom/google/gson/stream/JsonWriter;Ljava/lang/Object;)V (98 bytes) @ 0x0000000109fcb168 [0x0000000109fcaa40+0x728]
J 685 C1 com.google.gson.internal.bind.TypeAdapterRuntimeTypeWrapper.write(Lcom/google/gson/stream/JsonWriter;Ljava/lang/Object;)V (81 bytes) @ 0x0000000109fcd228 [0x0000000109fcc880+0x9a8]
J 692 C1 com.google.gson.internal.bind.ReflectiveTypeAdapterFactory$1.write(Lcom/google/gson/stream/JsonWriter;Ljava/lang/Object;)V (55 bytes) @ 0x0000000109fd621c [0x0000000109fd5d80+0x49c]
J 696 C1 com.google.gson.internal.bind.ReflectiveTypeAdapterFactory$Adapter.write(Lcom/google/gson/stream/JsonWriter;Ljava/lang/Object;)V (98 bytes) @ 0x0000000109fcb168 [0x0000000109fcaa40+0x728]
J 729 C1 com.google.gson.internal.bind.ObjectTypeAdapter.write(Lcom/google/gson/stream/JsonWriter;Ljava/lang/Object;)V (47 bytes) @ 0x0000000109fe52f4 [0x0000000109fe4bc0+0x734]
J 685 C1 com.google.gson.internal.bind.TypeAdapterRuntimeTypeWrapper.write(Lcom/google/gson/stream/JsonWriter;Ljava/lang/Object;)V (81 bytes) @ 0x0000000109fcd228 [0x0000000109fcc880+0x9a8]
J 692 C1 com.google.gson.internal.bind.ReflectiveTypeAdapterFactory$1.write(Lcom/google/gson/stream/JsonWriter;Ljava/lang/Object;)V (55 bytes) @ 0x0000000109fd621c [0x0000000109fd5d80+0x49c]
J 696 C1 com.google.gson.internal.bind.ReflectiveTypeAdapterFactory$Adapter.write(Lcom/google/gson/stream/JsonWriter;Ljava/lang/Object;)V (98 bytes) @ 0x0000000109fcb168 [0x0000000109fcaa40+0x728]
J 685 C1 com.google.gson.internal.bind.TypeAdapterRuntimeTypeWrapper.write(Lcom/google/gson/stream/JsonWriter;Ljava/lang/Object;)V (81 bytes) @ 0x0000000109fcd228 [0x0000000109fcc880+0x9a8]
J 692 C1 com.google.gson.internal.bind.ReflectiveTypeAdapterFactory$1.write(Lcom/google/gson/stream/JsonWriter;Ljava/lang/Object;)V (55 bytes) @ 0x0000000109fd621c [0x0000000109fd5d80+0x49c]
J 696 C1 com.google.gson.internal.bind.ReflectiveTypeAdapterFactory$Adapter.write(Lcom/google/gson/stream/JsonWriter;Ljava/lang/Object;)V (98 bytes) @ 0x0000000109fcb168 [0x0000000109fcaa40+0x728]
J 729 C1 com.google.gson.internal.bind.ObjectTypeAdapter.write(Lcom/google/gson/stream/JsonWriter;Ljava/lang/Object;)V (47 bytes) @ 0x0000000109fe52f4 [0x0000000109fe4bc0+0x734]
J 685 C1 com.google.gson.internal.bind.TypeAdapterRuntimeTypeWrapper.write(Lcom/google/gson/stream/JsonWriter;Ljava/lang/Object;)V (81 bytes) @ 0x0000000109fcd228 [0x0000000109fcc880+0x9a8]
J 692 C1 com.google.gson.internal.bind.ReflectiveTypeAdapterFactory$1.write(Lcom/google/gson/stream/JsonWriter;Ljava/lang/Object;)V (55 bytes) @ 0x0000000109fd621c [0x0000000109fd5d80+0x49c]
J 696 C1 com.google.gson.internal.bind.ReflectiveTypeAdapterFactory$Adapter.write(Lcom/google/gson/stream/JsonWriter;Ljava/lang/Object;)V (98 bytes) @ 0x0000000109fcb168 [0x0000000109fcaa40+0x728]
J 685 C1 com.google.gson.internal.bind.TypeAdapterRuntimeTypeWrapper.write(Lcom/google/gson/stream/JsonWriter;Ljava/lang/Object;)V (81 bytes) @ 0x0000000109fcd228 [0x0000000109fcc880+0x9a8]
J 692 C1 com.google.gson.internal.bind.ReflectiveTypeAdapterFactory$1.write(Lcom/google/gson/stream/JsonWriter;Ljava/lang/Object;)V (55 bytes) @ 0x0000000109fd621c [0x0000000109fd5d80+0x49c]
J 696 C1 com.google.gson.internal.bind.ReflectiveTypeAdapterFactory$Adapter.write(Lcom/google/gson/stream/JsonWriter;Ljava/lang/Object;)V (98 bytes) @ 0x0000000109fcb168 [0x0000000109fcaa40+0x728]
J 729 C1 com.google.gson.internal.bind.ObjectTypeAdapter.write(Lcom/google/gson/stream/JsonWriter;Ljava/lang/Object;)V (47 bytes) @ 0x0000000109fe52f4 [0x0000000109fe4bc0+0x734]
J 685 C1 com.google.gson.internal.bind.TypeAdapterRuntimeTypeWrapper.write(Lcom/google/gson/stream/JsonWriter;Ljava/lang/Object;)V (81 bytes) @ 0x0000000109fcd228 [0x0000000109fcc880+0x9a8]
J 692 C1 com.google.gson.internal.bind.ReflectiveTypeAdapterFactory$1.write(Lcom/google/gson/stream/JsonWriter;Ljava/lang/Object;)V (55 bytes) @ 0x0000000109fd621c [0x0000000109fd5d80+0x49c]
J 696 C1 com.google.gson.internal.bind.ReflectiveTypeAdapterFactory$Adapter.write(Lcom/google/gson/stream/JsonWriter;Ljava/lang/Object;)V (98 bytes) @ 0x0000000109fcb168 [0x0000000109fcaa40+0x728]
J 685 C1 com.google.gson.internal.bind.TypeAdapterRuntimeTypeWrapper.write(Lcom/google/gson/stream/JsonWriter;Ljava/lang/Object;)V (81 bytes) @ 0x0000000109fcd228 [0x0000000109fcc880+0x9a8]
J 692 C1 com.google.gson.internal.bind.ReflectiveTypeAdapterFactory$1.write(Lcom/google/gson/stream/JsonWriter;Ljava/lang/Object;)V (55 bytes) @ 0x0000000109fd621c [0x0000000109fd5d80+0x49c]
J 696 C1 com.google.gson.internal.bind.ReflectiveTypeAdapterFactory$Adapter.write(Lcom/google/gson/stream/JsonWriter;Ljava/lang/Object;)V (98 bytes) @ 0x0000000109fcb168 [0x0000000109fcaa40+0x728]
J 729 C1 com.google.gson.internal.bind.ObjectTypeAdapter.write(Lcom/google/gson/stream/JsonWriter;Ljava/lang/Object;)V (47 bytes) @ 0x0000000109fe52f4 [0x0000000109fe4bc0+0x734]
J 685 C1 com.google.gson.internal.bind.TypeAdapterRuntimeTypeWrapper.write(Lcom/google/gson/stream/JsonWriter;Ljava/lang/Object;)V (81 bytes) @ 0x0000000109fcd228 [0x0000000109fcc880+0x9a8]
J 692 C1 com.google.gson.internal.bind.ReflectiveTypeAdapterFactory$1.write(Lcom/google/gson/stream/JsonWriter;Ljava/lang/Object;)V (55 bytes) @ 0x0000000109fd621c [0x0000000109fd5d80+0x49c]
J 696 C1 com.google.gson.internal.bind.ReflectiveTypeAdapterFactory$Adapter.write(Lcom/google/gson/stream/JsonWriter;Ljava/lang/Object;)V (98 bytes) @ 0x0000000109fcb168 [0x0000000109fcaa40+0x728]
J 685 C1 com.google.gson.internal.bind.TypeAdapterRuntimeTypeWrapper.write(Lcom/google/gson/stream/JsonWriter;Ljava/lang/Object;)V (81 bytes) @ 0x0000000109fcd228 [0x0000000109fcc880+0x9a8]
J 692 C1 com.google.gson.internal.bind.ReflectiveTypeAdapterFactory$1.write(Lcom/google/gson/stream/JsonWriter;Ljava/lang/Object;)V (55 bytes) @ 0x0000000109fd621c [0x0000000109fd5d80+0x49c]
J 696 C1 com.google.gson.internal.bind.ReflectiveTypeAdapterFactory$Adapter.write(Lcom/google/gson/stream/JsonWriter;Ljava/lang/Object;)V (98 bytes) @ 0x0000000109fcb168 [0x0000000109fcaa40+0x728]
J 729 C1 com.google.gson.internal.bind.ObjectTypeAdapter.write(Lcom/google/gson/stream/JsonWriter;Ljava/lang/Object;)V (47 bytes) @ 0x0000000109fe52f4 [0x0000000109fe4bc0+0x734]
...<more frames>...


---------------  P R O C E S S  ---------------

Java Threads: ( => current thread )
  0x0000000145848800 JavaThread "JavaFX-Launcher" [_thread_blocked, id=51211, stack(0x000000016e2f8000,0x000000016e4fb000)]
  0x00000001231d9000 JavaThread "Thread-4" daemon [_thread_in_native, id=48899, stack(0x000000016e26c000,0x000000016e2ef000)]
=>0x00000001450d5000 JavaThread "JavaFX Application Thread" [_thread_in_Java, id=259, stack(0x0000000169218000,0x000000016b218000)]
  0x0000000144238000 JavaThread "Thread-1" daemon [_thread_blocked, id=37391, stack(0x000000016e060000,0x000000016e263000)]
  0x000000014509e800 JavaThread "QuantumRenderer-0" daemon [_thread_blocked, id=43011, stack(0x000000016dcb0000,0x000000016deb3000)]
  0x0000000145825800 JavaThread "Service Thread" daemon [_thread_blocked, id=43267, stack(0x000000016d898000,0x000000016da9b000)]
  0x0000000145814800 JavaThread "C1 CompilerThread3" daemon [_thread_blocked, id=16643, stack(0x000000016d68c000,0x000000016d88f000)]
  0x0000000145813800 JavaThread "C2 CompilerThread2" daemon [_thread_in_native, id=17155, stack(0x000000016d480000,0x000000016d683000)]
  0x0000000119808800 JavaThread "C2 CompilerThread1" daemon [_thread_in_native, id=16387, stack(0x000000016d274000,0x000000016d477000)]
  0x0000000145812800 JavaThread "C2 CompilerThread0" daemon [_thread_in_native, id=17667, stack(0x000000016d068000,0x000000016d26b000)]
  0x0000000123028800 JavaThread "Monitor Ctrl-Break" daemon [_thread_in_native, id=17923, stack(0x000000016ce5c000,0x000000016d05f000)]
  0x0000000144031800 JavaThread "Signal Dispatcher" daemon [_thread_blocked, id=18435, stack(0x000000016cc50000,0x000000016ce53000)]
  0x0000000143009800 JavaThread "Finalizer" daemon [_thread_blocked, id=13827, stack(0x000000016c92c000,0x000000016cb2f000)]
  0x0000000144030800 JavaThread "Reference Handler" daemon [_thread_blocked, id=13315, stack(0x000000016c720000,0x000000016c923000)]
  0x0000000143009000 JavaThread "main" [_thread_blocked, id=5635, stack(0x000000016b2a8000,0x000000016b4ab000)]

Other Threads:
  0x000000014402a000 VMThread [stack: 0x000000016c514000,0x000000016c717000] [id=13059]
  0x0000000146012800 WatcherThread [stack: 0x000000016daa4000,0x000000016dca7000] [id=22275]

VM state:not at safepoint (normal execution)

VM Mutex/Monitor currently owned by a thread: None

heap address: 0x0000000740000000, size: 2048 MB, Compressed Oops mode: Zero based, Oop shift amount: 3
Narrow klass base: 0x0000000800000000, Narrow klass shift: 0
Compressed class space size: 1073741824 Address: 0x0000000800000000

Heap:
 PSYoungGen      total 38400K, used 16012K [0x0000000795580000, 0x000000079a080000, 0x00000007c0000000)
  eden space 33280K, 39% used [0x0000000795580000,0x00000007962322f0,0x0000000797600000)
  from space 5120K, 58% used [0x0000000797600000,0x00000007978f0e58,0x0000000797b00000)
  to   space 5120K, 0% used [0x0000000799b80000,0x0000000799b80000,0x000000079a080000)
 ParOldGen       total 87552K, used 6083K [0x0000000740000000, 0x0000000745580000, 0x0000000795580000)
  object space 87552K, 6% used [0x0000000740000000,0x00000007405f0c10,0x0000000745580000)
 Metaspace       used 9394K, capacity 9744K, committed 10112K, reserved 1058816K
  class space    used 1154K, capacity 1290K, committed 1408K, reserved 1048576K

Card table byte_map: [0x0000000111f1c000,0x0000000112320000] byte_map_base: 0x000000010e51c000

Marking Bits: (ParMarkBitMap*) 0x000000010969da70
 Begin Bits: [0x00000001125cc000, 0x00000001145cc000)
 End Bits:   [0x00000001145cc000, 0x00000001165cc000)

Polling page: 0x0000000104dcc000

CodeCache: size=131072Kb used=2922Kb max_used=2934Kb free=128149Kb
 bounds [0x0000000109d1c000, 0x000000010a00c000, 0x0000000111d1c000]
 total_blobs=1168 nmethods=750 adapters=335
 compilation: enabled

Compilation events (10 events):
Event: 0.418 Thread 0x0000000145812800 nmethod 733 0x0000000109ff56d0 code [0x0000000109ff5840, 0x0000000109ff5990]
Event: 0.418 Thread 0x0000000145812800  740       4       java.util.LinkedHashMap$LinkedValueIterator::next (8 bytes)
Event: 0.418 Thread 0x0000000145812800 nmethod 740 0x0000000109ff7510 code [0x0000000109ff7680, 0x0000000109ff7750]
Event: 0.418 Thread 0x0000000145812800  741       4       java.util.LinkedHashMap$LinkedHashIterator::nextNode (54 bytes)
Event: 0.418 Thread 0x0000000145812800 nmethod 741 0x0000000109fe5e10 code [0x0000000109fe5f80, 0x0000000109fe6050]
Event: 0.418 Thread 0x0000000145812800  742       4       com.google.gson.internal.bind.ReflectiveTypeAdapterFactory$1::writeField (29 bytes)
Event: 0.420 Thread 0x0000000145812800 nmethod 742 0x0000000109feec50 code [0x0000000109feedc0, 0x0000000109fef0d0]
Event: 0.420 Thread 0x0000000145812800  763       4       java.util.concurrent.ConcurrentHashMap::get (162 bytes)
Event: 0.421 Thread 0x0000000145812800 nmethod 763 0x0000000109ff8ad0 code [0x0000000109ff8c40, 0x0000000109ff8f10]
Event: 0.421 Thread 0x0000000145812800  766   !   4       com.google.gson.Gson::getAdapter (257 bytes)

GC Heap History (2 events):
Event: 0.407 GC heap before
{Heap before GC invocations=1 (full 0):
 PSYoungGen      total 38400K, used 33280K [0x0000000795580000, 0x0000000798000000, 0x00000007c0000000)
  eden space 33280K, 100% used [0x0000000795580000,0x0000000797600000,0x0000000797600000)
  from space 5120K, 0% used [0x0000000797b00000,0x0000000797b00000,0x0000000798000000)
  to   space 5120K, 0% used [0x0000000797600000,0x0000000797600000,0x0000000797b00000)
 ParOldGen       total 87552K, used 0K [0x0000000740000000, 0x0000000745580000, 0x0000000795580000)
  object space 87552K, 0% used [0x0000000740000000,0x0000000740000000,0x0000000745580000)
 Metaspace       used 9386K, capacity 9744K, committed 10112K, reserved 1058816K
  class space    used 1154K, capacity 1290K, committed 1408K, reserved 1048576K
Event: 0.411 GC heap after
Heap after GC invocations=1 (full 0):
 PSYoungGen      total 38400K, used 3011K [0x0000000795580000, 0x000000079a080000, 0x00000007c0000000)
  eden space 33280K, 0% used [0x0000000795580000,0x0000000795580000,0x0000000797600000)
  from space 5120K, 58% used [0x0000000797600000,0x00000007978f0e58,0x0000000797b00000)
  to   space 5120K, 0% used [0x0000000799b80000,0x0000000799b80000,0x000000079a080000)
 ParOldGen       total 87552K, used 6083K [0x0000000740000000, 0x0000000745580000, 0x0000000795580000)
  object space 87552K, 6% used [0x0000000740000000,0x00000007405f0c10,0x0000000745580000)
 Metaspace       used 9386K, capacity 9744K, committed 10112K, reserved 1058816K
  class space    used 1154K, capacity 1290K, committed 1408K, reserved 1048576K
}

Deoptimization events (3 events):
Event: 0.312 Thread 0x00000001450d5000 Uncommon trap: reason=unstable_if action=reinterpret pc=0x0000000109ebc054 method=java.lang.String.replace(CC)Ljava/lang/String; @ 2
Event: 0.378 Thread 0x00000001450d5000 Uncommon trap: reason=unstable_if action=reinterpret pc=0x0000000109f886e0 method=java.util.HashMap.getNode(ILjava/lang/Object;)Ljava/util/HashMap$Node; @ 129
Event: 0.386 Thread 0x00000001450d5000 Uncommon trap: reason=unstable_if action=reinterpret pc=0x0000000109f8424c method=java.util.HashMap.getNode(ILjava/lang/Object;)Ljava/util/HashMap$Node; @ 129

Classes redefined (0 events):
No events

Internal exceptions (10 events):
Event: 0.015 Thread 0x0000000143009000 Exception <a 'java/lang/NoSuchMethodError': Method sun.misc.Unsafe.defineClass(Ljava/lang/String;[BII)Ljava/lang/Class; name or signature does not match> (0x0000000795587cc0) thrown at [/System/Volumes/Data/ws/workspace/jdk-8u322/label/macosx-aarch64/type
Event: 0.015 Thread 0x0000000143009000 Exception <a 'java/lang/NoSuchMethodError': Method sun.misc.Unsafe.prefetchRead(Ljava/lang/Object;J)V name or signature does not match> (0x0000000795587fa8) thrown at [/System/Volumes/Data/ws/workspace/jdk-8u322/label/macosx-aarch64/type/b8/build/hotspot/
Event: 0.079 Thread 0x0000000143009000 Exception <a 'java/lang/NoSuchFieldError': method resolution failed> (0x0000000795a034c8) thrown at [/System/Volumes/Data/ws/workspace/jdk-8u322/label/macosx-aarch64/type/b8/build/hotspot/src/share/vm/prims/methodHandles.cpp, line 1176]
Event: 0.080 Thread 0x0000000143009000 Exception <a 'java/lang/NoSuchFieldError': method resolution failed> (0x0000000795a11118) thrown at [/System/Volumes/Data/ws/workspace/jdk-8u322/label/macosx-aarch64/type/b8/build/hotspot/src/share/vm/prims/methodHandles.cpp, line 1176]
Event: 0.091 Thread 0x0000000143009000 Exception <a 'java/security/PrivilegedActionException'> (0x0000000795ac0280) thrown at [/System/Volumes/Data/ws/workspace/jdk-8u322/label/macosx-aarch64/type/b8/build/hotspot/src/share/vm/prims/jvm.cpp, line 1524]
Event: 0.091 Thread 0x0000000143009000 Exception <a 'java/security/PrivilegedActionException'> (0x0000000795ac0490) thrown at [/System/Volumes/Data/ws/workspace/jdk-8u322/label/macosx-aarch64/type/b8/build/hotspot/src/share/vm/prims/jvm.cpp, line 1524]
Event: 0.091 Thread 0x0000000143009000 Exception <a 'java/security/PrivilegedActionException'> (0x0000000795ac3758) thrown at [/System/Volumes/Data/ws/workspace/jdk-8u322/label/macosx-aarch64/type/b8/build/hotspot/src/share/vm/prims/jvm.cpp, line 1524]
Event: 0.091 Thread 0x0000000143009000 Exception <a 'java/security/PrivilegedActionException'> (0x0000000795ac3968) thrown at [/System/Volumes/Data/ws/workspace/jdk-8u322/label/macosx-aarch64/type/b8/build/hotspot/src/share/vm/prims/jvm.cpp, line 1524]
Event: 0.091 Thread 0x0000000143009000 Exception <a 'java/lang/NullPointerException'> (0x0000000795ac4370) thrown at [/System/Volumes/Data/ws/workspace/jdk-8u322/label/macosx-aarch64/type/b8/build/hotspot/src/share/vm/interpreter/linkResolver.cpp, line 1185]
Event: 0.319 Thread 0x00000001450d5000 Exception <a 'java/io/FileNotFoundException'> (0x00000007965fa630) thrown at [/System/Volumes/Data/ws/workspace/jdk-8u322/label/macosx-aarch64/type/b8/build/hotspot/src/share/vm/prims/jni.cpp, line 711]

Events (10 events):
Event: 0.390 loading class sun/reflect/UnsafeQualifiedObjectFieldAccessorImpl
Event: 0.390 loading class sun/reflect/UnsafeQualifiedFieldAccessorImpl
Event: 0.390 loading class sun/reflect/UnsafeQualifiedFieldAccessorImpl done
Event: 0.390 loading class sun/reflect/UnsafeQualifiedObjectFieldAccessorImpl done
Event: 0.391 loading class sun/reflect/UnsafeObjectFieldAccessorImpl
Event: 0.391 loading class sun/reflect/UnsafeObjectFieldAccessorImpl done
Event: 0.397 Executing VM operation: ForceSafepoint
Event: 0.398 Executing VM operation: ForceSafepoint done
Event: 0.406 Executing VM operation: ParallelGCFailedAllocation
Event: 0.411 Executing VM operation: ParallelGCFailedAllocation done


Dynamic libraries:
0x0000000199c39000 	/System/Library/Frameworks/Cocoa.framework/Versions/A/Cocoa
0x0000000187b52000 	/System/Library/Frameworks/Security.framework/Versions/A/Security
0x0000000197fa5000 	/System/Library/Frameworks/ApplicationServices.framework/Versions/A/ApplicationServices
0x000000018f710000 	/usr/lib/libz.1.dylib
0x000000018f7b6000 	/usr/lib/libSystem.B.dylib
0x0000000185d96000 	/System/Library/Frameworks/CoreFoundation.framework/Versions/A/CoreFoundation
0x0000000186b5e000 	/System/Library/Frameworks/Foundation.framework/Versions/C/Foundation
0x0000000185bad000 	/usr/lib/libobjc.A.dylib
0x00000001885c8000 	/System/Library/Frameworks/AppKit.framework/Versions/C/AppKit
0x000000018b3ec000 	/System/Library/Frameworks/CoreData.framework/Versions/A/CoreData
0x000000018930a000 	/System/Library/PrivateFrameworks/UIFoundation.framework/Versions/A/UIFoundation
0x0000000194e1b000 	/System/Library/PrivateFrameworks/RemoteViewServices.framework/Versions/A/RemoteViewServices
0x000000018e030000 	/System/Library/PrivateFrameworks/XCTTargetBootstrap.framework/Versions/A/XCTTargetBootstrap
0x0000000190971000 	/usr/lib/libspindump.dylib
0x0000000189531000 	/System/Library/Frameworks/UniformTypeIdentifiers.framework/Versions/A/UniformTypeIdentifiers
0x000000018c618000 	/usr/lib/libapp_launch_measurement.dylib
0x000000018c61b000 	/System/Library/PrivateFrameworks/CoreAutoLayout.framework/Versions/A/CoreAutoLayout
0x000000018d9ad000 	/System/Library/Frameworks/Metal.framework/Versions/A/Metal
0x000000018e60d000 	/usr/lib/liblangid.dylib
0x000000018e034000 	/System/Library/PrivateFrameworks/CoreSVG.framework/Versions/A/CoreSVG
0x000000018a5e4000 	/System/Library/PrivateFrameworks/SkyLight.framework/Versions/A/SkyLight
0x000000018a953000 	/System/Library/Frameworks/CoreGraphics.framework/Versions/A/CoreGraphics
0x000000019533b000 	/System/Library/Frameworks/Accelerate.framework/Versions/A/Accelerate
0x00000001903cb000 	/System/Library/PrivateFrameworks/IconServices.framework/Versions/A/IconServices
0x000000018d991000 	/System/Library/Frameworks/IOSurface.framework/Versions/A/IOSurface
0x000000018bcbb000 	/usr/lib/libDiagnosticMessagesClient.dylib
0x000000018e018000 	/System/Library/PrivateFrameworks/DFRFoundation.framework/Versions/A/DFRFoundation
0x0000000187eb9000 	/usr/lib/libicucore.A.dylib
0x0000000191ebf000 	/System/Library/Frameworks/AudioToolbox.framework/Versions/A/AudioToolbox
0x00000001910d2000 	/System/Library/PrivateFrameworks/DataDetectorsCore.framework/Versions/A/DataDetectorsCore
0x000000018a55f000 	/usr/lib/libMobileGestalt.dylib
0x000000018dd0d000 	/System/Library/Frameworks/Carbon.framework/Versions/A/Frameworks/HIToolbox.framework/Versions/A/HIToolbox
0x000000018c0b6000 	/System/Library/Frameworks/QuartzCore.framework/Versions/A/QuartzCore
0x0000000194e53000 	/System/Library/Frameworks/Carbon.framework/Versions/A/Frameworks/SpeechRecognition.framework/Versions/A/SpeechRecognition
0x000000018c3b6000 	/System/Library/PrivateFrameworks/CoreUI.framework/Versions/A/CoreUI
0x0000000187537000 	/System/Library/Frameworks/CoreAudio.framework/Versions/A/CoreAudio
0x000000018bda4000 	/System/Library/Frameworks/DiskArbitration.framework/Versions/A/DiskArbitration
0x0000000190d24000 	/System/Library/PrivateFrameworks/MultitouchSupport.framework/Versions/A/MultitouchSupport
0x00000001910c9000 	/System/Library/PrivateFrameworks/InternationalSupport.framework/Versions/A/InternationalSupport
0x000000018a55d000 	/usr/lib/libenergytrace.dylib
0x00000001884a2000 	/System/Library/Frameworks/IOKit.framework/Versions/A/IOKit
0x000000019517e000 	/System/Library/Frameworks/CoreServices.framework/Versions/A/CoreServices
0x000000018c5ae000 	/System/Library/PrivateFrameworks/PerformanceAnalysis.framework/Versions/A/PerformanceAnalysis
0x00000001c7ddd000 	/System/Library/Frameworks/OpenGL.framework/Versions/A/OpenGL
0x0000000191147000 	/System/Library/PrivateFrameworks/UserActivity.framework/Versions/A/UserActivity
0x000000018af41000 	/System/Library/Frameworks/ColorSync.framework/Versions/A/ColorSync
0x000000018e27f000 	/System/Library/Frameworks/CoreImage.framework/Versions/A/CoreImage
0x0000000187367000 	/System/Library/Frameworks/CoreText.framework/Versions/A/CoreText
0x000000018e05f000 	/System/Library/Frameworks/ImageIO.framework/Versions/A/ImageIO
0x000000018f7bc000 	/System/Library/PrivateFrameworks/SoftLinking.framework/Versions/A/SoftLinking
0x000000018c65e000 	/usr/lib/libxml2.2.dylib
0x0000000185c6c000 	/usr/lib/libc++.1.dylib
0x000000018fa3c000 	/usr/lib/libcompression.dylib
0x0000000191015000 	/System/Library/PrivateFrameworks/TextureIO.framework/Versions/A/TextureIO
0x0000000190127000 	/usr/lib/libate.dylib
0x000000018f7b0000 	/usr/lib/system/libcache.dylib
0x000000018f76f000 	/usr/lib/system/libcommonCrypto.dylib
0x000000018f799000 	/usr/lib/system/libcompiler_rt.dylib
0x000000018f790000 	/usr/lib/system/libcopyfile.dylib
0x0000000185ac8000 	/usr/lib/system/libcorecrypto.dylib
0x0000000185b68000 	/usr/lib/system/libdispatch.dylib
0x0000000185d21000 	/usr/lib/system/libdyld.dylib
0x000000018f7a6000 	/usr/lib/system/libkeymgr.dylib
0x0000000192bd5000 	/usr/lib/system/liblaunch.dylib
0x000000018f751000 	/usr/lib/system/libmacho.dylib
0x000000018efc3000 	/usr/lib/system/libquarantine.dylib
0x000000018f7a3000 	/usr/lib/system/libremovefile.dylib
0x000000018a5b2000 	/usr/lib/system/libsystem_asl.dylib
0x0000000185a76000 	/usr/lib/system/libsystem_blocks.dylib
0x0000000185bea000 	/usr/lib/system/libsystem_c.dylib
0x000000018f79d000 	/usr/lib/system/libsystem_collections.dylib
0x000000018e5fd000 	/usr/lib/system/libsystem_configuration.dylib
0x000000018d97f000 	/usr/lib/system/libsystem_containermanager.dylib
0x000000018f526000 	/usr/lib/system/libsystem_coreservices.dylib
0x000000018812b000 	/usr/lib/system/libsystem_darwin.dylib
0x000000018f7a7000 	/usr/lib/system/libsystem_dnssd.dylib
0x0000000185be7000 	/usr/lib/system/libsystem_featureflags.dylib
0x0000000185d6a000 	/usr/lib/system/libsystem_info.dylib
0x000000018f722000 	/usr/lib/system/libsystem_m.dylib
0x0000000185b3c000 	/usr/lib/system/libsystem_malloc.dylib
0x000000018a54d000 	/usr/lib/system/libsystem_networkextension.dylib
0x000000018856e000 	/usr/lib/system/libsystem_notify.dylib
0x0000000195089000 	/usr/lib/system/libsystem_product_info_filter.dylib
0x000000018e602000 	/usr/lib/system/libsystem_sandbox.dylib
0x000000018f7a0000 	/usr/lib/system/libsystem_secinit.dylib
0x0000000185ce0000 	/usr/lib/system/libsystem_kernel.dylib
0x0000000185d63000 	/usr/lib/system/libsystem_platform.dylib
0x0000000185d14000 	/usr/lib/system/libsystem_pthread.dylib
0x000000018bb23000 	/usr/lib/system/libsystem_symptoms.dylib
0x0000000185ab0000 	/usr/lib/system/libsystem_trace.dylib
0x000000018f77d000 	/usr/lib/system/libunwind.dylib
0x0000000185a78000 	/usr/lib/system/libxpc.dylib
0x0000000185cc8000 	/usr/lib/libc++abi.dylib
0x000000018f788000 	/usr/lib/liboah.dylib
0x000000018ff70000 	/usr/lib/liblzma.5.dylib
0x0000000186873000 	/System/Library/Frameworks/SystemConfiguration.framework/Versions/A/SystemConfiguration
0x000000018f7b8000 	/usr/lib/libfakelink.dylib
0x000000018a0c4000 	/System/Library/Frameworks/CFNetwork.framework/Versions/A/CFNetwork
0x000000018f902000 	/usr/lib/libarchive.2.dylib
0x00000001868fb000 	/usr/lib/libCRFSuite.dylib
0x000000018efed000 	/usr/lib/libbsm.0.dylib
0x000000018997b000 	/usr/lib/libnetwork.dylib
0x000000018f7bd000 	/usr/lib/libpcap.A.dylib
0x000000018bb1b000 	/usr/lib/libdns_services.dylib
0x000000018ff89000 	/usr/lib/libcoretls_cfhelpers.dylib
0x000000018fa0b000 	/usr/lib/libapple_nghttp2.dylib
0x000000018f757000 	/usr/lib/system/libkxld.dylib
0x000000018b7ac000 	/usr/lib/libsqlite3.dylib
0x000000018f509000 	/System/Library/PrivateFrameworks/AppleFSCompression.framework/Versions/A/AppleFSCompression
0x000000018efd6000 	/usr/lib/libcoretls.dylib
0x000000018fa37000 	/usr/lib/libpam.2.dylib
0x0000000190070000 	/usr/lib/libxar.1.dylib
0x000000018e609000 	/System/Library/PrivateFrameworks/AppleSystemInfo.framework/Versions/A/AppleSystemInfo
0x000000018ec26000 	/System/Library/PrivateFrameworks/IOMobileFramebuffer.framework/Versions/A/IOMobileFramebuffer
0x000000018f519000 	/usr/lib/libbz2.1.0.dylib
0x000000018f7f9000 	/usr/lib/libiconv.2.dylib
0x000000018f750000 	/usr/lib/libcharset.1.dylib
0x000000018c5e7000 	/System/Library/Frameworks/CoreServices.framework/Versions/A/Frameworks/FSEvents.framework/Versions/A/FSEvents
0x0000000188136000 	/System/Library/Frameworks/CoreServices.framework/Versions/A/Frameworks/CarbonCore.framework/Versions/A/CarbonCore
0x000000018bd0a000 	/System/Library/Frameworks/CoreServices.framework/Versions/A/Frameworks/Metadata.framework/Versions/A/Metadata
0x000000018f52b000 	/System/Library/Frameworks/CoreServices.framework/Versions/A/Frameworks/OSServices.framework/Versions/A/OSServices
0x000000018f973000 	/System/Library/Frameworks/CoreServices.framework/Versions/A/Frameworks/SearchKit.framework/Versions/A/SearchKit
0x000000018baa7000 	/System/Library/Frameworks/CoreServices.framework/Versions/A/Frameworks/AE.framework/Versions/A/AE
0x0000000186245000 	/System/Library/Frameworks/CoreServices.framework/Versions/A/Frameworks/LaunchServices.framework/Versions/A/LaunchServices
0x000000018ff1d000 	/System/Library/Frameworks/CoreServices.framework/Versions/A/Frameworks/DictionaryServices.framework/Versions/A/DictionaryServices
0x000000018c5f4000 	/System/Library/Frameworks/CoreServices.framework/Versions/A/Frameworks/SharedFileList.framework/Versions/A/SharedFileList
0x000000018efc6000 	/usr/lib/libCheckFix.dylib
0x000000018a5ca000 	/System/Library/PrivateFrameworks/TCC.framework/Versions/A/TCC
0x000000018e60f000 	/System/Library/PrivateFrameworks/CoreNLP.framework/Versions/A/CoreNLP
0x000000018bcbe000 	/System/Library/PrivateFrameworks/MetadataUtilities.framework/Versions/A/MetadataUtilities
0x000000018692f000 	/usr/lib/libmecabra.dylib
0x000000018f2ac000 	/System/Library/Frameworks/MLCompute.framework/Versions/A/MLCompute
0x000000018effe000 	/usr/lib/libmecab.dylib
0x000000018f044000 	/usr/lib/libgermantok.dylib
0x000000018f9e4000 	/usr/lib/libThaiTokenizer.dylib
0x00000001900ac000 	/usr/lib/libChineseTokenizer.dylib
0x000000018fa35000 	/System/Library/Frameworks/MetalPerformanceShaders.framework/Versions/A/MetalPerformanceShaders
0x000000018bdab000 	/System/Library/Frameworks/Accelerate.framework/Versions/A/Frameworks/vImage.framework/Versions/A/vImage
0x000000019515c000 	/System/Library/Frameworks/Accelerate.framework/Versions/A/Frameworks/vecLib.framework/Versions/A/vecLib
0x00000001900b7000 	/System/Library/Frameworks/Accelerate.framework/Versions/A/Frameworks/vecLib.framework/Versions/A/libvMisc.dylib
0x000000018eb64000 	/System/Library/Frameworks/Accelerate.framework/Versions/A/Frameworks/vecLib.framework/Versions/A/libvDSP.dylib
0x0000000186559000 	/System/Library/Frameworks/Accelerate.framework/Versions/A/Frameworks/vecLib.framework/Versions/A/libBLAS.dylib
0x000000018fa60000 	/System/Library/Frameworks/Accelerate.framework/Versions/A/Frameworks/vecLib.framework/Versions/A/libLAPACK.dylib
0x000000018f049000 	/System/Library/Frameworks/Accelerate.framework/Versions/A/Frameworks/vecLib.framework/Versions/A/libLinearAlgebra.dylib
0x000000018fa22000 	/System/Library/Frameworks/Accelerate.framework/Versions/A/Frameworks/vecLib.framework/Versions/A/libSparseBLAS.dylib
0x000000018fa5b000 	/System/Library/Frameworks/Accelerate.framework/Versions/A/Frameworks/vecLib.framework/Versions/A/libQuadrature.dylib
0x000000018e6a5000 	/System/Library/Frameworks/Accelerate.framework/Versions/A/Frameworks/vecLib.framework/Versions/A/libBNNS.dylib
0x000000018680f000 	/System/Library/Frameworks/Accelerate.framework/Versions/A/Frameworks/vecLib.framework/Versions/A/libSparse.dylib
0x000000018e598000 	/System/Library/Frameworks/MetalPerformanceShaders.framework/Versions/A/Frameworks/MPSCore.framework/Versions/A/MPSCore
0x000000018f481000 	/System/Library/Frameworks/MetalPerformanceShaders.framework/Versions/A/Frameworks/MPSImage.framework/Versions/A/MPSImage
0x000000018f05e000 	/System/Library/Frameworks/MetalPerformanceShaders.framework/Versions/A/Frameworks/MPSNeuralNetwork.framework/Versions/A/MPSNeuralNetwork
0x000000018f3ff000 	/System/Library/Frameworks/MetalPerformanceShaders.framework/Versions/A/Frameworks/MPSMatrix.framework/Versions/A/MPSMatrix
0x000000018f262000 	/System/Library/Frameworks/MetalPerformanceShaders.framework/Versions/A/Frameworks/MPSRayIntersector.framework/Versions/A/MPSRayIntersector
0x000000018f42e000 	/System/Library/Frameworks/MetalPerformanceShaders.framework/Versions/A/Frameworks/MPSNDArray.framework/Versions/A/MPSNDArray
0x000000018647e000 	/System/Library/PrivateFrameworks/MetalTools.framework/Versions/A/MetalTools
0x000000018e607000 	/System/Library/PrivateFrameworks/AggregateDictionary.framework/Versions/A/AggregateDictionary
0x000000018bc88000 	/System/Library/PrivateFrameworks/CoreAnalytics.framework/Versions/A/CoreAnalytics
0x000000018f9e6000 	/System/Library/PrivateFrameworks/AppleSauce.framework/Versions/A/AppleSauce
0x000000018d9a3000 	/System/Library/PrivateFrameworks/IOAccelerator.framework/Versions/A/IOAccelerator
0x00000001c7dd0000 	/System/Library/Frameworks/OpenGL.framework/Versions/A/Libraries/libCoreFSCache.dylib
0x0000000186eeb000 	/System/Library/PrivateFrameworks/LanguageModeling.framework/Versions/A/LanguageModeling
0x000000018ec13000 	/System/Library/PrivateFrameworks/CoreEmoji.framework/Versions/A/CoreEmoji
0x000000018e69d000 	/System/Library/PrivateFrameworks/LinguisticData.framework/Versions/A/LinguisticData
0x00000001867c4000 	/System/Library/PrivateFrameworks/Lexicon.framework/Versions/A/Lexicon
0x000000018f8ef000 	/usr/lib/libcmph.dylib
0x000000018c5c7000 	/System/Library/Frameworks/OpenDirectory.framework/Versions/A/Frameworks/CFOpenDirectory.framework/Versions/A/CFOpenDirectory
0x000000018c5b9000 	/System/Library/Frameworks/OpenDirectory.framework/Versions/A/OpenDirectory
0x000000018ff8b000 	/System/Library/PrivateFrameworks/APFS.framework/Versions/A/APFS
0x000000018ef2f000 	/System/Library/Frameworks/SecurityFoundation.framework/Versions/A/SecurityFoundation
0x000000019007e000 	/usr/lib/libutil.dylib
0x0000000188466000 	/System/Library/PrivateFrameworks/CoreServicesStore.framework/Versions/A/CoreServicesStore
0x000000018efbd000 	/System/Library/Frameworks/ServiceManagement.framework/Versions/A/ServiceManagement
0x0000000190082000 	/usr/lib/libxslt.1.dylib
0x000000018efb3000 	/System/Library/PrivateFrameworks/BackgroundTaskManagement.framework/Versions/A/BackgroundTaskManagement
0x0000000190f64000 	/System/Library/Frameworks/ImageIO.framework/Versions/A/Resources/libRadiance.dylib
0x0000000190f6d000 	/System/Library/Frameworks/ImageIO.framework/Versions/A/Resources/libJPEG.dylib
0x0000000190ec1000 	/System/Library/Frameworks/ImageIO.framework/Versions/A/Resources/libPng.dylib
0x0000000190ee3000 	/System/Library/Frameworks/ImageIO.framework/Versions/A/Resources/libTIFF.dylib
0x0000000190fbe000 	/System/Library/Frameworks/ImageIO.framework/Versions/A/Resources/libGIF.dylib
0x0000000190c3e000 	/System/Library/Frameworks/ImageIO.framework/Versions/A/Resources/libJP2.dylib
0x0000000190394000 	/usr/lib/libexpat.1.dylib
0x0000000190bfa000 	/System/Library/PrivateFrameworks/AppleJPEG.framework/Versions/A/AppleJPEG
0x000000018dbb4000 	/System/Library/PrivateFrameworks/FontServices.framework/libFontParser.dylib
0x000000018ba59000 	/System/Library/PrivateFrameworks/RunningBoardServices.framework/Versions/A/RunningBoardServices
0x000000019a170000 	/System/Library/PrivateFrameworks/IOSurfaceAccelerator.framework/Versions/A/IOSurfaceAccelerator
0x0000000190d20000 	/System/Library/PrivateFrameworks/WatchdogClient.framework/Versions/A/WatchdogClient
0x0000000186fdb000 	/System/Library/Frameworks/CoreDisplay.framework/Versions/A/CoreDisplay
0x000000018dabc000 	/System/Library/Frameworks/CoreMedia.framework/Versions/A/CoreMedia
0x000000018c74b000 	/System/Library/Frameworks/CoreVideo.framework/Versions/A/CoreVideo
0x0000000190d5d000 	/System/Library/Frameworks/VideoToolbox.framework/Versions/A/VideoToolbox
0x000000018b9d6000 	/System/Library/PrivateFrameworks/BaseBoard.framework/Versions/A/BaseBoard
0x00000001904d2000 	/System/Library/PrivateFrameworks/PersistentConnection.framework/Versions/A/PersistentConnection
0x000000018b795000 	/System/Library/PrivateFrameworks/ProtocolBuffer.framework/Versions/A/ProtocolBuffer
0x000000018b9bf000 	/System/Library/PrivateFrameworks/CommonUtilities.framework/Versions/A/CommonUtilities
0x0000000190bbf000 	/System/Library/PrivateFrameworks/Bom.framework/Versions/A/Bom
0x0000000190f5f000 	/System/Library/PrivateFrameworks/GPUWrangler.framework/Versions/A/GPUWrangler
0x0000000190f40000 	/System/Library/PrivateFrameworks/IOPresentment.framework/Versions/A/IOPresentment
0x0000000190f67000 	/System/Library/PrivateFrameworks/DSExternalDisplay.framework/Versions/A/DSExternalDisplay
0x0000000190fc3000 	/System/Library/PrivateFrameworks/CMCaptureCore.framework/Versions/A/CMCaptureCore
0x000000019095a000 	/System/Library/PrivateFrameworks/AppServerSupport.framework/Versions/A/AppServerSupport
0x000000019298f000 	/System/Library/PrivateFrameworks/perfdata.framework/Versions/A/perfdata
0x000000018ef1f000 	/System/Library/PrivateFrameworks/AssertionServices.framework/Versions/A/AssertionServices
0x00000001870fe000 	/System/Library/PrivateFrameworks/AudioToolboxCore.framework/Versions/A/AudioToolboxCore
0x000000018da9c000 	/System/Library/PrivateFrameworks/caulk.framework/Versions/A/caulk
0x00000001a17bd000 	/System/Library/PrivateFrameworks/SystemPolicy.framework/Versions/A/SystemPolicy
0x00000001901b9000 	/usr/lib/libIOReport.dylib
0x000000019222b000 	/usr/lib/libSMC.dylib
0x0000000190e8e000 	/usr/lib/libAudioToolboxUtility.dylib
0x00000001a214a000 	/usr/lib/libmis.dylib
0x00000001c7e32000 	/System/Library/Frameworks/OpenGL.framework/Versions/A/Libraries/libGLU.dylib
0x00000001c7df0000 	/System/Library/Frameworks/OpenGL.framework/Versions/A/Libraries/libGFXShared.dylib
0x00000001c7fd8000 	/System/Library/Frameworks/OpenGL.framework/Versions/A/Libraries/libGL.dylib
0x00000001c7df9000 	/System/Library/Frameworks/OpenGL.framework/Versions/A/Libraries/libGLImage.dylib
0x00000001c7ded000 	/System/Library/Frameworks/OpenGL.framework/Versions/A/Libraries/libCVMSPluginSupport.dylib
0x00000001c7dd7000 	/System/Library/Frameworks/OpenGL.framework/Versions/A/Libraries/libCoreVMClient.dylib
0x0000000198caa000 	/System/Library/PrivateFrameworks/ASEProcessing.framework/Versions/A/ASEProcessing
0x00000001904f9000 	/System/Library/PrivateFrameworks/GraphVisualizer.framework/Versions/A/GraphVisualizer
0x0000000190507000 	/System/Library/PrivateFrameworks/FaceCore.framework/Versions/A/FaceCore
0x000000019091a000 	/System/Library/PrivateFrameworks/OTSVG.framework/Versions/A/OTSVG
0x000000018c374000 	/System/Library/Frameworks/ApplicationServices.framework/Versions/A/Frameworks/ATS.framework/Versions/A/Resources/libFontRegistry.dylib
0x0000000190962000 	/System/Library/PrivateFrameworks/FontServices.framework/libhvf.dylib
0x00000001c8173000 	/System/Library/Frameworks/OpenCL.framework/Versions/A/OpenCL
0x0000000190348000 	/System/Library/PrivateFrameworks/AppleVA.framework/Versions/A/AppleVA
0x0000000192077000 	/System/Library/Frameworks/ApplicationServices.framework/Versions/A/Frameworks/ATS.framework/Versions/A/ATS
0x000000019238a000 	/System/Library/Frameworks/ApplicationServices.framework/Versions/A/Frameworks/ColorSyncLegacy.framework/Versions/A/ColorSyncLegacy
0x000000018b037000 	/System/Library/Frameworks/ApplicationServices.framework/Versions/A/Frameworks/HIServices.framework/Versions/A/HIServices
0x0000000192369000 	/System/Library/Frameworks/ApplicationServices.framework/Versions/A/Frameworks/LangAnalysis.framework/Versions/A/LangAnalysis
0x0000000190fcd000 	/System/Library/Frameworks/ApplicationServices.framework/Versions/A/Frameworks/PrintCore.framework/Versions/A/PrintCore
0x0000000192392000 	/System/Library/Frameworks/ApplicationServices.framework/Versions/A/Frameworks/QD.framework/Versions/A/QD
0x0000000192063000 	/System/Library/Frameworks/ApplicationServices.framework/Versions/A/Frameworks/SpeechSynthesis.framework/Versions/A/SpeechSynthesis
0x0000000190f8e000 	/System/Library/Frameworks/ApplicationServices.framework/Versions/A/Frameworks/ATSUI.framework/Versions/A/ATSUI
0x000000019230b000 	/usr/lib/libcups.2.dylib
0x000000019237d000 	/System/Library/PrivateFrameworks/NetAuth.framework/Versions/A/NetAuth
0x00000001929a9000 	/System/Library/Frameworks/Kerberos.framework/Versions/A/Kerberos
0x00000001929ba000 	/System/Library/Frameworks/GSS.framework/Versions/A/GSS
0x00000001920e6000 	/usr/lib/libresolv.9.dylib
0x0000000190978000 	/System/Library/PrivateFrameworks/Heimdal.framework/Versions/A/Heimdal
0x0000000198295000 	/System/Library/Frameworks/Kerberos.framework/Versions/A/Libraries/libHeimdalProxy.dylib
0x000000018bb2b000 	/System/Library/Frameworks/Network.framework/Versions/A/Network
0x00000001903af000 	/usr/lib/libheimdal-asn1.dylib
0x0000000192a02000 	/System/Library/PrivateFrameworks/CommonAuth.framework/Versions/A/CommonAuth
0x000000018c79f000 	/System/Library/PrivateFrameworks/login.framework/Versions/A/Frameworks/loginsupport.framework/Versions/A/loginsupport
0x0000000191fe8000 	/System/Library/PrivateFrameworks/AudioSession.framework/Versions/A/AudioSession
0x0000000192050000 	/usr/lib/libAudioStatistics.dylib
0x000000019042f000 	/System/Library/PrivateFrameworks/MediaExperience.framework/Versions/A/MediaExperience
0x0000000191e89000 	/System/Library/PrivateFrameworks/AudioSession.framework/libSessionUtility.dylib
0x000000019299b000 	/usr/lib/libperfcheck.dylib
0x000000019239e000 	/System/Library/PrivateFrameworks/AudioResourceArbitration.framework/Versions/A/AudioResourceArbitration
0x00000001903b8000 	/System/Library/PrivateFrameworks/IconFoundation.framework/Versions/A/IconFoundation
0x0000000194e43000 	/System/Library/PrivateFrameworks/SpeechRecognitionCore.framework/Versions/A/SpeechRecognitionCore
0x0000000109000000 	/Users/amir/Library/Java/JavaVirtualMachines/liberica-1.8.0_322/jre/lib/server/libjvm.dylib
0x0000000104d64000 	/Users/amir/Library/Java/JavaVirtualMachines/liberica-1.8.0_322/jre/lib/libverify.dylib
0x0000000104d7c000 	/Users/amir/Library/Java/JavaVirtualMachines/liberica-1.8.0_322/jre/lib/libjava.dylib
0x0000000104dd0000 	/Users/amir/Library/Java/JavaVirtualMachines/liberica-1.8.0_322/jre/lib/libinstrument.dylib
0x0000000104e50000 	/Users/amir/Library/Java/JavaVirtualMachines/liberica-1.8.0_322/jre/lib/libzip.dylib
0x00000001193fc000 	/Users/amir/Library/Java/JavaVirtualMachines/liberica-1.8.0_322/jre/lib/libnio.dylib
0x0000000119424000 	/Users/amir/Library/Java/JavaVirtualMachines/liberica-1.8.0_322/jre/lib/libnet.dylib
0x000000011945c000 	/Users/amir/Library/Java/JavaVirtualMachines/liberica-1.8.0_322/jre/lib/libprism_es2.dylib
0x000000018842a000 	/System/Library/PrivateFrameworks/CoreServicesInternal.framework/Versions/A/CoreServicesInternal
0x00000001c7fe3000 	/System/Library/Frameworks/OpenGL.framework/Versions/A/Resources/GLEngine.bundle/GLEngine
0x00000001c7e6b000 	/System/Library/Frameworks/OpenGL.framework/Versions/A/Libraries/libGLProgrammability.dylib
0x0000000119540000 	/System/Library/Extensions/AppleMetalOpenGLRenderer.bundle/Contents/MacOS/AppleMetalOpenGLRenderer
0x00000001c814e000 	/System/Library/Frameworks/OpenGL.framework/Versions/A/Resources/GLRendererFloat.bundle/GLRendererFloat
0x000000011a000000 	/System/Library/Extensions/AGXMetal13_3.bundle/Contents/MacOS/AGXMetal13_3
0x000000019d26e000 	/System/Library/PrivateFrameworks/IOGPU.framework/Versions/A/IOGPU
0x00000001c5b7e000 	/System/Library/PrivateFrameworks/GPUCompiler.framework/Versions/31001/Libraries/libmetal_timestamp.dylib
0x00000001196fc000 	/Users/amir/Library/Java/JavaVirtualMachines/liberica-1.8.0_322/jre/lib/libglass.dylib
0x0000000195e29000 	/System/Library/Frameworks/FileProvider.framework/Versions/A/FileProvider
0x000000018b94a000 	/System/Library/Frameworks/Accounts.framework/Versions/A/Accounts
0x0000000195f80000 	/System/Library/PrivateFrameworks/GenerationalStorage.framework/Versions/A/GenerationalStorage
0x0000000196941000 	/System/Library/PrivateFrameworks/CoreSymbolication.framework/Versions/A/CoreSymbolication
0x0000000195bf4000 	/System/Library/PrivateFrameworks/SymptomDiagnosticReporter.framework/Versions/A/SymptomDiagnosticReporter
0x0000000189544000 	/System/Library/PrivateFrameworks/DesktopServicesPriv.framework/Versions/A/DesktopServicesPriv
0x000000018857a000 	/usr/lib/libsandbox.1.dylib
0x000000018c7c9000 	/System/Library/PrivateFrameworks/UserManagement.framework/Versions/A/UserManagement
0x000000018eefc000 	/System/Library/PrivateFrameworks/MobileKeyBag.framework/Versions/A/MobileKeyBag
0x0000000196906000 	/System/Library/PrivateFrameworks/DebugSymbols.framework/Versions/A/DebugSymbols
0x0000000193384000 	/System/Library/PrivateFrameworks/Sharing.framework/Versions/A/Sharing
0x00000001978f7000 	/System/Library/PrivateFrameworks/Apple80211.framework/Versions/A/Apple80211
0x000000018f55c000 	/System/Library/PrivateFrameworks/AuthKit.framework/Versions/A/AuthKit
0x000000018ecfa000 	/System/Library/PrivateFrameworks/CoreUtils.framework/Versions/A/CoreUtils
0x000000018ec31000 	/System/Library/Frameworks/CoreWLAN.framework/Versions/A/CoreWLAN
0x00000001934c1000 	/System/Library/Frameworks/IOBluetooth.framework/Versions/A/IOBluetooth
0x0000000197957000 	/System/Library/PrivateFrameworks/CoreWiFi.framework/Versions/A/CoreWiFi
0x0000000192a83000 	/System/Library/PrivateFrameworks/CorePhoneNumbers.framework/Versions/A/CorePhoneNumbers
0x0000000195d08000 	/System/Library/PrivateFrameworks/DiskManagement.framework/Versions/A/DiskManagement
0x0000000195c13000 	/System/Library/PrivateFrameworks/AppleIDAuthSupport.framework/Versions/A/AppleIDAuthSupport
0x0000000192a65000 	/System/Library/PrivateFrameworks/KeychainCircle.framework/Versions/A/KeychainCircle
0x0000000195cd4000 	/System/Library/PrivateFrameworks/MediaKit.framework/Versions/A/MediaKit
0x0000000195c1f000 	/System/Library/Frameworks/DiscRecording.framework/Versions/A/DiscRecording
0x00000001902c4000 	/usr/lib/libCoreStorage.dylib
0x0000000197d67000 	/usr/lib/libcsfde.dylib
0x00000001935c4000 	/System/Library/PrivateFrameworks/ProtectedCloudStorage.framework/Versions/A/ProtectedCloudStorage
0x0000000197d5f000 	/System/Library/PrivateFrameworks/EFILogin.framework/Versions/A/EFILogin
0x000000019833c000 	/System/Library/Frameworks/AudioUnit.framework/Versions/A/AudioUnit
0x0000000195b98000 	/System/Library/Frameworks/CoreBluetooth.framework/Versions/A/CoreBluetooth
0x00000001902bc000 	/usr/lib/libMatch.1.dylib
0x00000001197d8000 	/usr/lib/libobjc-trampolines.dylib
0x00000001a5b3d000 	/System/Library/Frameworks/Accelerate.framework/Versions/A/Frameworks/vImage.framework/Versions/A/Libraries/libCGInterfaces.dylib
0x000000018c4ce000 	/System/Library/PrivateFrameworks/ViewBridge.framework/Versions/A/ViewBridge
0x0000000190a2b000 	/System/Library/PrivateFrameworks/login.framework/Versions/A/login
0x00000001901c1000 	/System/Library/PrivateFrameworks/CrashReporterSupport.framework/Versions/A/CrashReporterSupport
0x00000001ac00f000 	/System/Library/PrivateFrameworks/OSAnalytics.framework/Versions/A/OSAnalytics
0x00000001d9246000 	/usr/lib/libRosetta.dylib
0x0000000197cf1000 	/System/Library/PrivateFrameworks/RemoteServiceDiscovery.framework/Versions/A/RemoteServiceDiscovery
0x00000001b5929000 	/System/Library/PrivateFrameworks/Symbolication.framework/Versions/A/Symbolication
0x00000001a212a000 	/System/Library/PrivateFrameworks/MallocStackLogging.framework/Versions/A/MallocStackLogging
0x00000001a064d000 	/usr/lib/libFosl_dynamic.dylib
0x00000001a57a9000 	/usr/lib/libncurses.5.4.dylib
0x000000011fdec000 	/Users/amir/Library/Java/JavaVirtualMachines/liberica-1.8.0_322/jre/lib/libjavafx_iio.dylib

VM Arguments:
jvm_args: -Djava.library.path=/Users/amir/Desktop/javafx-sdk-18.0.1/lib -javaagent:/Applications/IntelliJ IDEA.app/Contents/lib/idea_rt.jar=62745:/Applications/IntelliJ IDEA.app/Contents/bin -Dfile.encoding=UTF-8 
java_command: Main
java_class_path (initial): /Users/amir/Library/Java/JavaVirtualMachines/liberica-1.8.0_322/jre/lib/charsets.jar:/Users/amir/Library/Java/JavaVirtualMachines/liberica-1.8.0_322/jre/lib/ext/cldrdata.jar:/Users/amir/Library/Java/JavaVirtualMachines/liberica-1.8.0_322/jre/lib/ext/dnsns.jar:/Users/amir/Library/Java/JavaVirtualMachines/liberica-1.8.0_322/jre/lib/ext/jaccess.jar:/Users/amir/Library/Java/JavaVirtualMachines/liberica-1.8.0_322/jre/lib/ext/jfxrt.jar:/Users/amir/Library/Java/JavaVirtualMachines/liberica-1.8.0_322/jre/lib/ext/localedata.jar:/Users/amir/Library/Java/JavaVirtualMachines/liberica-1.8.0_322/jre/lib/ext/nashorn.jar:/Users/amir/Library/Java/JavaVirtualMachines/liberica-1.8.0_322/jre/lib/ext/sunec.jar:/Users/amir/Library/Java/JavaVirtualMachines/liberica-1.8.0_322/jre/lib/ext/sunjce_provider.jar:/Users/amir/Library/Java/JavaVirtualMachines/liberica-1.8.0_322/jre/lib/ext/sunpkcs11.jar:/Users/amir/Library/Java/JavaVirtualMachines/liberica-1.8.0_322/jre/lib/ext/zipfs.jar:/Users/amir/Library/Java/JavaVirtualMachines/liberica-1.8.0_322/jre/lib/jce.jar:/Users/amir/Library/Java/JavaVirtualMachines/liberica-1.8.0_322/jre/lib/jfr.jar:/Users/amir/Library/Java/JavaVirtualMachines/liberica-1.8.0_322/jre/lib/jfxswt.jar:/Users/amir/Library/Java/JavaVirtualMachines/liberica-1.8.0_322/jre/lib/jsse.jar:/Users/amir/Library/Java/JavaVirtualMachines/liberica-1.8.0_322/jre/lib/management-agent.jar:/Users/amir/Library/Java/JavaVirtualMachines/liberica-1.8.0_322/jre/lib/resources.jar:/Users/amir/Library/Java/JavaVirtualMachines/liberica-1.8.0_322/jre/lib/rt.jar:/Users/amir/Desktop/project-group-16/target/classes:/Users/amir/Desktop/javafx-sdk-18.0.1/lib/javafx-swt.jar:/Users/amir/Desktop/javafx-sdk-18.0.1/lib/javafx.web.jar:/Users/amir/Desktop/javafx-sdk-18.0.1/lib/javafx.base.jar:/Users/amir/Desktop/javafx-sdk-18.0.1/lib/javafx.fxml.jar:/Users/amir/Desktop/javafx-sdk-18.0.1/lib/javafx.media.jar:/Users/amir/Desktop/javafx-sdk-18.0.1/lib/javafx.swing.jar:/Users/amir/Deskto
Launcher Type: SUN_STANDARD

Environment Variables:
PATH=/opt/homebrew/bin:/opt/homebrew/sbin:/usr/local/bin:/usr/bin:/bin:/usr/sbin:/sbin:/Library/Apple/usr/bin
SHELL=/bin/zsh

Signal Handlers:
SIGSEGV: [libjvm.dylib+0x54ffdc], sa_mask[0]=11111111011111110111111111111111, sa_flags=SA_ONSTACK|SA_RESTART|SA_SIGINFO
SIGBUS: [libjvm.dylib+0x54ffdc], sa_mask[0]=11111111011111110111111111111111, sa_flags=SA_RESTART|SA_SIGINFO
SIGFPE: [libjvm.dylib+0x44d678], sa_mask[0]=11111111011111110111111111111111, sa_flags=SA_RESTART|SA_SIGINFO
SIGPIPE: [libjvm.dylib+0x44d678], sa_mask[0]=11111111011111110111111111111111, sa_flags=SA_RESTART|SA_SIGINFO
SIGXFSZ: [libjvm.dylib+0x44d678], sa_mask[0]=11111111011111110111111111111111, sa_flags=SA_RESTART|SA_SIGINFO
SIGILL: [libjvm.dylib+0x44d678], sa_mask[0]=11111111011111110111111111111111, sa_flags=SA_RESTART|SA_SIGINFO
SIGUSR1: SIG_DFL, sa_mask[0]=00000000000000000000000000000000, sa_flags=none
SIGUSR2: [libjvm.dylib+0x44df9c], sa_mask[0]=00100000000000000000000000000000, sa_flags=SA_RESTART|SA_SIGINFO
SIGHUP: [libjvm.dylib+0x44bf28], sa_mask[0]=11111111011111110111111111111111, sa_flags=SA_RESTART|SA_SIGINFO
SIGINT: [libjvm.dylib+0x44bf28], sa_mask[0]=11111111011111110111111111111111, sa_flags=SA_RESTART|SA_SIGINFO
SIGTERM: [libjvm.dylib+0x44bf28], sa_mask[0]=11111111011111110111111111111111, sa_flags=SA_RESTART|SA_SIGINFO
SIGQUIT: [libjvm.dylib+0x44bf28], sa_mask[0]=11111111011111110111111111111111, sa_flags=SA_RESTART|SA_SIGINFO


---------------  S Y S T E M  ---------------

OS:Bsduname:Darwin 20.6.0 Darwin Kernel Version 20.6.0: Mon Aug 30 06:12:20 PDT 2021; root:xnu-7195.141.6~3/RELEASE_ARM64_T8101 arm64
rlimit: STACK 8176k, CORE 0k, NPROC 1333, NOFILE 10240, AS infinity
load average:4.36 3.62 2.56

CPU:total 8 (initial active 8) simd, crc, lse

Memory: 16k page, physical 8388608k(209024k free)

/proc/meminfo:


vm_info: OpenJDK 64-Bit Server VM (25.322-b06) for bsd-aarch64 JRE (1.8.0_322-b06), built on Jan 19 2022 05:50:08 by "re" with gcc Apple LLVM 12.0.0 (clang-1200.0.32.28)

time: Sun Jun 12 12:39:27 2022
timezone: +0430
elapsed time: 0.429392 seconds (0d 0h 0m 0s)

