#
# A fatal error has been detected by the Java Runtime Environment:
#
#  SIGSEGV (0xb) at pc=0x0000000106c72ed8, pid=39599, tid=0x0000000000000103
#
# JRE version: OpenJDK Runtime Environment (8.0_322-b06) (build 1.8.0_322-b06)
# Java VM: OpenJDK 64-Bit Server VM (25.322-b06 mixed mode bsd-aarch64 compressed oops)
# Problematic frame:
# J 2696 C2 sun.nio.cs.UTF_8$Encoder.encodeArrayLoop(Ljava/nio/CharBuffer;Ljava/nio/ByteBuffer;)Ljava/nio/charset/CoderResult; (489 bytes) @ 0x0000000106c72ed8 [0x0000000106c72ec0+0x18]
#
# Failed to write core dump. Core dumps have been disabled. To enable core dumping, try "ulimit -c unlimited" before starting Java again
#
# If you would like to submit a bug report, please visit:
#   https://bell-sw.com/support
#

---------------  T H R E A D  ---------------

Current thread (0x00000001358f6000):  JavaThread "JavaFX Application Thread" [_thread_in_Java, id=259, stack(0x000000016cfc4000,0x000000016efc4000)]

siginfo: si_signo: 11 (SIGSEGV), si_code: 2 (SEGV_ACCERR), si_addr: 0x000000016e7c7f70

Registers:
 x0=0x0000000795699c50  x1=0x0000000797dbdaa0  x2=0x0000000795699c50  x3=0x0000000797dbba60
 x4=0x0000000123062f70  x5=0x00000000000011c0  x6=0x00000000ffffe340  x7=0x00370030002f0032
 x8=0x000000000000bf6b  x9=0xffffffffffff0000 x10=0x0000000000000000 x11=0x0000000000000000
x12=0x00000000f2fb7752 x13=0x0000000797d0baf8 x14=0x0000000797d0bb68 x15=0x0000000797dbdaa0
x16=0x0000000797d0bb50 x17=0x00000000000293b0 x18=0x00000000f2ad3387 x19=0x0000000797d0baf8
x20=0x0000000000000001 x21=0x0000000797d0bb50 x22=0x0000000797d0bb68 x23=0x0000000795699b80
x24=0x0000000795699708 x25=0x0000000795960eb0 x26=0x0000000112d17638 x27=0x0000000000000000
x28=0x00000001358f6000  fp=0x000000016ee19340  lr=0x0000000106c9b80c  sp=0x000000016e7d7f70
pc=0x0000000106c72ed8 cpsr=0x0000000060000000
Top of Stack: (sp=0x000000016e7d7f70)
0x000000016e7d7f70:   0000000000000000 0000000800032320
0x000000016e7d7f80:   0000000797e289c0 0000000797d0bb50
0x000000016e7d7f90:   0000000797d0baf8 0000000797d0bb68
0x000000016e7d7fa0:   0000000000000000 0000000795699c50
0x000000016e7d7fb0:   0000000797dbba60 0000000797dbdaa0
0x000000016e7d7fc0:   0000000000000000 0000000000000000
0x000000016e7d7fd0:   0000000797dbdaa0 0000000797dbba60
0x000000016e7d7fe0:   0000000000000000 0000000000000000
0x000000016e7d7ff0:   000000016ee19340 0000000106c80168
0x000000016e7d8000:   0000000000000000 0000000797dbba60
0x000000016e7d8010:   0000000000000000 0000000797dbba60
0x000000016e7d8020:   0000000797dbdaa0 0000000000000000
0x000000016e7d8030:   0000000797dbdaa0 0000000797d0baf8
0x000000016e7d8040:   0000000000000000 0000000795699b80
0x000000016e7d8050:   000000016ee19340 0000000106c7d23c
0x000000016e7d8060:   0000000797dbdaa0 0000000795699b98
0x000000016e7d8070:   0000000797dbba60 0000000797d0bb50
0x000000016e7d8080:   0000000797e289f0 0000000797d0bf40
0x000000016e7d8090:   0000000797d0baf8 0000000106c8fc94
0x000000016e7d80a0:   000000070000007b 0000000797d0bb50
0x000000016e7d80b0:   000000016ee19340 0000000106c7f37c
0x000000016e7d80c0:   0000000797dbdaa0 0000000795699be0
0x000000016e7d80d0:   0000000797dbba60 0000000797dbdaa0
0x000000016e7d80e0:   0000000797d0baf8 0000000397d0bb68
0x000000016e7d80f0:   000000016ee19340 0000000106c919b0
0x000000016e7d8100:   0000000000000000 0000000797d0baf8
0x000000016e7d8110:   000000016ee19340 0000000106c7de5c
0x000000016e7d8120:   0000000797dbdaa0 0000000000000000
0x000000016e7d8130:   000000016ee19340 0000000106ba1b00
0x000000016e7d8140:   000000016ee19340 0000000106c8c450
0x000000016e7d8150:   0000000797d0bb68 0000000795699c10
0x000000016e7d8160:   0000000797d0bb68 0000000797d0bb50 

Instructions: (pc=0x0000000106c72ed8)
0x0000000106c72eb8:   00 00 00 00 00 00 00 00 28 08 40 b9 3f 01 08 6b
0x0000000106c72ec8:   40 00 00 54 dd 82 e3 17 1f 20 03 d5 e9 bf 70 b2
0x0000000106c72ed8:   ff 6b 29 f8 ff 43 02 d1 fd 7b 08 a9 e3 07 00 f9
0x0000000106c72ee8:   e1 13 00 f9 4a 2c 40 b9 4f f1 7d d3 e0 0d 40 b9 


Register to memory mapping:

 x0=0x0000000795699c50 is an oop
java.nio.HeapCharBuffer 
 - klass: 'java/nio/HeapCharBuffer'
 x1=0x0000000797dbdaa0 is an oop
sun.nio.cs.UTF_8$Encoder 
 - klass: 'sun/nio/cs/UTF_8$Encoder'
 x2=0x0000000795699c50 is an oop
java.nio.HeapCharBuffer 
 - klass: 'java/nio/HeapCharBuffer'
 x3=0x0000000797dbba60 is an oop
java.nio.HeapByteBuffer 
 - klass: 'java/nio/HeapByteBuffer'
 x4=0x0000000123062f70 is pointing into metadata
 x5=0x00000000000011c0 is an unknown value
 x6=0x00000000ffffe340 is an unknown value
 x7=0x00370030002f0032 is an unknown value
 x8=0x000000000000bf6b is an unknown value
 x9=0xffffffffffff0000 is an unknown value
x10=0x0000000000000000 is an unknown value
x11=0x0000000000000000 is an unknown value
x12=0x00000000f2fb7752 is an unknown value
x13=0x0000000797d0baf8 is an oop
com.google.gson.stream.JsonWriter 
 - klass: 'com/google/gson/stream/JsonWriter'
x14=0x0000000797d0bb68 is an oop
sun.nio.cs.StreamEncoder 
 - klass: 'sun/nio/cs/StreamEncoder'
x15=0x0000000797dbdaa0 is an oop
sun.nio.cs.UTF_8$Encoder 
 - klass: 'sun/nio/cs/UTF_8$Encoder'
x16=0x0000000797d0bb50 is an oop
java.io.FileWriter 
 - klass: 'java/io/FileWriter'
x17=0x00000000000293b0 is an unknown value
x18=0x00000000f2ad3387 is an unknown value
x19=0x0000000797d0baf8 is an oop
com.google.gson.stream.JsonWriter 
 - klass: 'com/google/gson/stream/JsonWriter'
x20=0x0000000000000001 is an unknown value
x21=0x0000000797d0bb50 is an oop
java.io.FileWriter 
 - klass: 'java/io/FileWriter'
x22=0x0000000797d0bb68 is an oop
sun.nio.cs.StreamEncoder 
 - klass: 'sun/nio/cs/StreamEncoder'
x23=0x0000000795699b80 is an oop
[C 
 - klass: {type array char}
 - length: 1
x24=0x0000000795699708 is an oop
[C 
 - klass: {type array char}
 - length: 1
x25=0x0000000795960eb0 is an oop
[Ljava.util.concurrent.ConcurrentHashMap$Node; 
 - klass: 'java/util/concurrent/ConcurrentHashMap$Node'[]
 - length: 16
x26=0x0000000112d17638 is pointing into metadata
x27=0x0000000000000000 is an unknown value
x28=0x00000001358f6000 is a thread


Stack: [0x000000016cfc4000,0x000000016efc4000],  sp=0x000000016e7d7f70,  free space=24655k
Native frames: (J=compiled Java code, j=interpreted, Vv=VM code, C=native code)
J 2696 C2 sun.nio.cs.UTF_8$Encoder.encodeArrayLoop(Ljava/nio/CharBuffer;Ljava/nio/ByteBuffer;)Ljava/nio/charset/CoderResult; (489 bytes) @ 0x0000000106c72ed8 [0x0000000106c72ec0+0x18]
J 2748 C1 com.google.gson.stream.JsonWriter.beginArray()Lcom/google/gson/stream/JsonWriter; (12 bytes) @ 0x0000000106c80168 [0x0000000106c80000+0x168]
J 2744 C1 com.google.gson.internal.bind.CollectionTypeAdapterFactory$Adapter.write(Lcom/google/gson/stream/JsonWriter;Ljava/util/Collection;)V (58 bytes) @ 0x0000000106c7d23c [0x0000000106c7d0c0+0x17c]
J 2743 C1 com.google.gson.internal.bind.CollectionTypeAdapterFactory$Adapter.write(Lcom/google/gson/stream/JsonWriter;Ljava/lang/Object;)V (10 bytes) @ 0x0000000106c7f37c [0x0000000106c7f140+0x23c]
J 2765 C2 com.google.gson.internal.bind.TypeAdapterRuntimeTypeWrapper.write(Lcom/google/gson/stream/JsonWriter;Ljava/lang/Object;)V (81 bytes) @ 0x0000000106c919b0 [0x0000000106c918c0+0xf0]
J 2757 C1 com.google.gson.internal.bind.MapTypeAdapterFactory$Adapter.write(Lcom/google/gson/stream/JsonWriter;Ljava/util/Map;)V (394 bytes) @ 0x0000000106c81748 [0x0000000106c80d00+0xa48]
J 2756 C1 com.google.gson.internal.bind.MapTypeAdapterFactory$Adapter.write(Lcom/google/gson/stream/JsonWriter;Ljava/lang/Object;)V (10 bytes) @ 0x0000000106c8bafc [0x0000000106c8b8c0+0x23c]
J 2776 C2 com.google.gson.internal.bind.ReflectiveTypeAdapterFactory$Adapter.write(Lcom/google/gson/stream/JsonWriter;Ljava/lang/Object;)V (98 bytes) @ 0x0000000106ca7c20 [0x0000000106ca7680+0x5a0]
J 2758 C1 com.google.gson.Gson$FutureTypeAdapter.write(Lcom/google/gson/stream/JsonWriter;Ljava/lang/Object;)V (25 bytes) @ 0x0000000106c874f4 [0x0000000106c87380+0x174]
J 2776 C2 com.google.gson.internal.bind.ReflectiveTypeAdapterFactory$Adapter.write(Lcom/google/gson/stream/JsonWriter;Ljava/lang/Object;)V (98 bytes) @ 0x0000000106ca7c20 [0x0000000106ca7680+0x5a0]
J 2765 C2 com.google.gson.internal.bind.TypeAdapterRuntimeTypeWrapper.write(Lcom/google/gson/stream/JsonWriter;Ljava/lang/Object;)V (81 bytes) @ 0x0000000106c919b0 [0x0000000106c918c0+0xf0]
J 2744 C1 com.google.gson.internal.bind.CollectionTypeAdapterFactory$Adapter.write(Lcom/google/gson/stream/JsonWriter;Ljava/util/Collection;)V (58 bytes) @ 0x0000000106c7d48c [0x0000000106c7d0c0+0x3cc]
J 2743 C1 com.google.gson.internal.bind.CollectionTypeAdapterFactory$Adapter.write(Lcom/google/gson/stream/JsonWriter;Ljava/lang/Object;)V (10 bytes) @ 0x0000000106c7f37c [0x0000000106c7f140+0x23c]
J 2765 C2 com.google.gson.internal.bind.TypeAdapterRuntimeTypeWrapper.write(Lcom/google/gson/stream/JsonWriter;Ljava/lang/Object;)V (81 bytes) @ 0x0000000106c919b0 [0x0000000106c918c0+0xf0]
J 2757 C1 com.google.gson.internal.bind.MapTypeAdapterFactory$Adapter.write(Lcom/google/gson/stream/JsonWriter;Ljava/util/Map;)V (394 bytes) @ 0x0000000106c81748 [0x0000000106c80d00+0xa48]
J 2756 C1 com.google.gson.internal.bind.MapTypeAdapterFactory$Adapter.write(Lcom/google/gson/stream/JsonWriter;Ljava/lang/Object;)V (10 bytes) @ 0x0000000106c8bafc [0x0000000106c8b8c0+0x23c]
J 2776 C2 com.google.gson.internal.bind.ReflectiveTypeAdapterFactory$Adapter.write(Lcom/google/gson/stream/JsonWriter;Ljava/lang/Object;)V (98 bytes) @ 0x0000000106ca7c20 [0x0000000106ca7680+0x5a0]
J 2758 C1 com.google.gson.Gson$FutureTypeAdapter.write(Lcom/google/gson/stream/JsonWriter;Ljava/lang/Object;)V (25 bytes) @ 0x0000000106c874f4 [0x0000000106c87380+0x174]
J 2776 C2 com.google.gson.internal.bind.ReflectiveTypeAdapterFactory$Adapter.write(Lcom/google/gson/stream/JsonWriter;Ljava/lang/Object;)V (98 bytes) @ 0x0000000106ca7c20 [0x0000000106ca7680+0x5a0]
J 2765 C2 com.google.gson.internal.bind.TypeAdapterRuntimeTypeWrapper.write(Lcom/google/gson/stream/JsonWriter;Ljava/lang/Object;)V (81 bytes) @ 0x0000000106c919b0 [0x0000000106c918c0+0xf0]
J 2744 C1 com.google.gson.internal.bind.CollectionTypeAdapterFactory$Adapter.write(Lcom/google/gson/stream/JsonWriter;Ljava/util/Collection;)V (58 bytes) @ 0x0000000106c7d48c [0x0000000106c7d0c0+0x3cc]
J 2743 C1 com.google.gson.internal.bind.CollectionTypeAdapterFactory$Adapter.write(Lcom/google/gson/stream/JsonWriter;Ljava/lang/Object;)V (10 bytes) @ 0x0000000106c7f37c [0x0000000106c7f140+0x23c]
J 2765 C2 com.google.gson.internal.bind.TypeAdapterRuntimeTypeWrapper.write(Lcom/google/gson/stream/JsonWriter;Ljava/lang/Object;)V (81 bytes) @ 0x0000000106c919b0 [0x0000000106c918c0+0xf0]
J 2757 C1 com.google.gson.internal.bind.MapTypeAdapterFactory$Adapter.write(Lcom/google/gson/stream/JsonWriter;Ljava/util/Map;)V (394 bytes) @ 0x0000000106c81748 [0x0000000106c80d00+0xa48]
J 2756 C1 com.google.gson.internal.bind.MapTypeAdapterFactory$Adapter.write(Lcom/google/gson/stream/JsonWriter;Ljava/lang/Object;)V (10 bytes) @ 0x0000000106c8bafc [0x0000000106c8b8c0+0x23c]
J 2776 C2 com.google.gson.internal.bind.ReflectiveTypeAdapterFactory$Adapter.write(Lcom/google/gson/stream/JsonWriter;Ljava/lang/Object;)V (98 bytes) @ 0x0000000106ca7c20 [0x0000000106ca7680+0x5a0]
J 2758 C1 com.google.gson.Gson$FutureTypeAdapter.write(Lcom/google/gson/stream/JsonWriter;Ljava/lang/Object;)V (25 bytes) @ 0x0000000106c874f4 [0x0000000106c87380+0x174]
J 2776 C2 com.google.gson.internal.bind.ReflectiveTypeAdapterFactory$Adapter.write(Lcom/google/gson/stream/JsonWriter;Ljava/lang/Object;)V (98 bytes) @ 0x0000000106ca7c20 [0x0000000106ca7680+0x5a0]
J 2765 C2 com.google.gson.internal.bind.TypeAdapterRuntimeTypeWrapper.write(Lcom/google/gson/stream/JsonWriter;Ljava/lang/Object;)V (81 bytes) @ 0x0000000106c919b0 [0x0000000106c918c0+0xf0]
J 2744 C1 com.google.gson.internal.bind.CollectionTypeAdapterFactory$Adapter.write(Lcom/google/gson/stream/JsonWriter;Ljava/util/Collection;)V (58 bytes) @ 0x0000000106c7d48c [0x0000000106c7d0c0+0x3cc]
J 2743 C1 com.google.gson.internal.bind.CollectionTypeAdapterFactory$Adapter.write(Lcom/google/gson/stream/JsonWriter;Ljava/lang/Object;)V (10 bytes) @ 0x0000000106c7f37c [0x0000000106c7f140+0x23c]
J 2765 C2 com.google.gson.internal.bind.TypeAdapterRuntimeTypeWrapper.write(Lcom/google/gson/stream/JsonWriter;Ljava/lang/Object;)V (81 bytes) @ 0x0000000106c919b0 [0x0000000106c918c0+0xf0]
J 2757 C1 com.google.gson.internal.bind.MapTypeAdapterFactory$Adapter.write(Lcom/google/gson/stream/JsonWriter;Ljava/util/Map;)V (394 bytes) @ 0x0000000106c81748 [0x0000000106c80d00+0xa48]
J 2756 C1 com.google.gson.internal.bind.MapTypeAdapterFactory$Adapter.write(Lcom/google/gson/stream/JsonWriter;Ljava/lang/Object;)V (10 bytes) @ 0x0000000106c8bafc [0x0000000106c8b8c0+0x23c]
J 2776 C2 com.google.gson.internal.bind.ReflectiveTypeAdapterFactory$Adapter.write(Lcom/google/gson/stream/JsonWriter;Ljava/lang/Object;)V (98 bytes) @ 0x0000000106ca7c20 [0x0000000106ca7680+0x5a0]
J 2758 C1 com.google.gson.Gson$FutureTypeAdapter.write(Lcom/google/gson/stream/JsonWriter;Ljava/lang/Object;)V (25 bytes) @ 0x0000000106c874f4 [0x0000000106c87380+0x174]
J 2776 C2 com.google.gson.internal.bind.ReflectiveTypeAdapterFactory$Adapter.write(Lcom/google/gson/stream/JsonWriter;Ljava/lang/Object;)V (98 bytes) @ 0x0000000106ca7c20 [0x0000000106ca7680+0x5a0]
J 2765 C2 com.google.gson.internal.bind.TypeAdapterRuntimeTypeWrapper.write(Lcom/google/gson/stream/JsonWriter;Ljava/lang/Object;)V (81 bytes) @ 0x0000000106c919b0 [0x0000000106c918c0+0xf0]
J 2744 C1 com.google.gson.internal.bind.CollectionTypeAdapterFactory$Adapter.write(Lcom/google/gson/stream/JsonWriter;Ljava/util/Collection;)V (58 bytes) @ 0x0000000106c7d48c [0x0000000106c7d0c0+0x3cc]
J 2743 C1 com.google.gson.internal.bind.CollectionTypeAdapterFactory$Adapter.write(Lcom/google/gson/stream/JsonWriter;Ljava/lang/Object;)V (10 bytes) @ 0x0000000106c7f37c [0x0000000106c7f140+0x23c]
J 2765 C2 com.google.gson.internal.bind.TypeAdapterRuntimeTypeWrapper.write(Lcom/google/gson/stream/JsonWriter;Ljava/lang/Object;)V (81 bytes) @ 0x0000000106c919b0 [0x0000000106c918c0+0xf0]
J 2757 C1 com.google.gson.internal.bind.MapTypeAdapterFactory$Adapter.write(Lcom/google/gson/stream/JsonWriter;Ljava/util/Map;)V (394 bytes) @ 0x0000000106c81748 [0x0000000106c80d00+0xa48]
J 2756 C1 com.google.gson.internal.bind.MapTypeAdapterFactory$Adapter.write(Lcom/google/gson/stream/JsonWriter;Ljava/lang/Object;)V (10 bytes) @ 0x0000000106c8bafc [0x0000000106c8b8c0+0x23c]
J 2776 C2 com.google.gson.internal.bind.ReflectiveTypeAdapterFactory$Adapter.write(Lcom/google/gson/stream/JsonWriter;Ljava/lang/Object;)V (98 bytes) @ 0x0000000106ca7c20 [0x0000000106ca7680+0x5a0]
J 2758 C1 com.google.gson.Gson$FutureTypeAdapter.write(Lcom/google/gson/stream/JsonWriter;Ljava/lang/Object;)V (25 bytes) @ 0x0000000106c874f4 [0x0000000106c87380+0x174]
J 2776 C2 com.google.gson.internal.bind.ReflectiveTypeAdapterFactory$Adapter.write(Lcom/google/gson/stream/JsonWriter;Ljava/lang/Object;)V (98 bytes) @ 0x0000000106ca7c20 [0x0000000106ca7680+0x5a0]
J 2765 C2 com.google.gson.internal.bind.TypeAdapterRuntimeTypeWrapper.write(Lcom/google/gson/stream/JsonWriter;Ljava/lang/Object;)V (81 bytes) @ 0x0000000106c919b0 [0x0000000106c918c0+0xf0]
J 2744 C1 com.google.gson.internal.bind.CollectionTypeAdapterFactory$Adapter.write(Lcom/google/gson/stream/JsonWriter;Ljava/util/Collection;)V (58 bytes) @ 0x0000000106c7d48c [0x0000000106c7d0c0+0x3cc]
J 2743 C1 com.google.gson.internal.bind.CollectionTypeAdapterFactory$Adapter.write(Lcom/google/gson/stream/JsonWriter;Ljava/lang/Object;)V (10 bytes) @ 0x0000000106c7f37c [0x0000000106c7f140+0x23c]
J 2765 C2 com.google.gson.internal.bind.TypeAdapterRuntimeTypeWrapper.write(Lcom/google/gson/stream/JsonWriter;Ljava/lang/Object;)V (81 bytes) @ 0x0000000106c919b0 [0x0000000106c918c0+0xf0]
J 2757 C1 com.google.gson.internal.bind.MapTypeAdapterFactory$Adapter.write(Lcom/google/gson/stream/JsonWriter;Ljava/util/Map;)V (394 bytes) @ 0x0000000106c81748 [0x0000000106c80d00+0xa48]
J 2756 C1 com.google.gson.internal.bind.MapTypeAdapterFactory$Adapter.write(Lcom/google/gson/stream/JsonWriter;Ljava/lang/Object;)V (10 bytes) @ 0x0000000106c8bafc [0x0000000106c8b8c0+0x23c]
J 2776 C2 com.google.gson.internal.bind.ReflectiveTypeAdapterFactory$Adapter.write(Lcom/google/gson/stream/JsonWriter;Ljava/lang/Object;)V (98 bytes) @ 0x0000000106ca7c20 [0x0000000106ca7680+0x5a0]
J 2758 C1 com.google.gson.Gson$FutureTypeAdapter.write(Lcom/google/gson/stream/JsonWriter;Ljava/lang/Object;)V (25 bytes) @ 0x0000000106c874f4 [0x0000000106c87380+0x174]
J 2776 C2 com.google.gson.internal.bind.ReflectiveTypeAdapterFactory$Adapter.write(Lcom/google/gson/stream/JsonWriter;Ljava/lang/Object;)V (98 bytes) @ 0x0000000106ca7c20 [0x0000000106ca7680+0x5a0]
J 2765 C2 com.google.gson.internal.bind.TypeAdapterRuntimeTypeWrapper.write(Lcom/google/gson/stream/JsonWriter;Ljava/lang/Object;)V (81 bytes) @ 0x0000000106c919b0 [0x0000000106c918c0+0xf0]
J 2744 C1 com.google.gson.internal.bind.CollectionTypeAdapterFactory$Adapter.write(Lcom/google/gson/stream/JsonWriter;Ljava/util/Collection;)V (58 bytes) @ 0x0000000106c7d48c [0x0000000106c7d0c0+0x3cc]
J 2743 C1 com.google.gson.internal.bind.CollectionTypeAdapterFactory$Adapter.write(Lcom/google/gson/stream/JsonWriter;Ljava/lang/Object;)V (10 bytes) @ 0x0000000106c7f37c [0x0000000106c7f140+0x23c]
J 2765 C2 com.google.gson.internal.bind.TypeAdapterRuntimeTypeWrapper.write(Lcom/google/gson/stream/JsonWriter;Ljava/lang/Object;)V (81 bytes) @ 0x0000000106c919b0 [0x0000000106c918c0+0xf0]
J 2757 C1 com.google.gson.internal.bind.MapTypeAdapterFactory$Adapter.write(Lcom/google/gson/stream/JsonWriter;Ljava/util/Map;)V (394 bytes) @ 0x0000000106c81748 [0x0000000106c80d00+0xa48]
J 2756 C1 com.google.gson.internal.bind.MapTypeAdapterFactory$Adapter.write(Lcom/google/gson/stream/JsonWriter;Ljava/lang/Object;)V (10 bytes) @ 0x0000000106c8bafc [0x0000000106c8b8c0+0x23c]
J 2776 C2 com.google.gson.internal.bind.ReflectiveTypeAdapterFactory$Adapter.write(Lcom/google/gson/stream/JsonWriter;Ljava/lang/Object;)V (98 bytes) @ 0x0000000106ca7c20 [0x0000000106ca7680+0x5a0]
J 2758 C1 com.google.gson.Gson$FutureTypeAdapter.write(Lcom/google/gson/stream/JsonWriter;Ljava/lang/Object;)V (25 bytes) @ 0x0000000106c874f4 [0x0000000106c87380+0x174]
J 2776 C2 com.google.gson.internal.bind.ReflectiveTypeAdapterFactory$Adapter.write(Lcom/google/gson/stream/JsonWriter;Ljava/lang/Object;)V (98 bytes) @ 0x0000000106ca7c20 [0x0000000106ca7680+0x5a0]
J 2765 C2 com.google.gson.internal.bind.TypeAdapterRuntimeTypeWrapper.write(Lcom/google/gson/stream/JsonWriter;Ljava/lang/Object;)V (81 bytes) @ 0x0000000106c919b0 [0x0000000106c918c0+0xf0]
J 2744 C1 com.google.gson.internal.bind.CollectionTypeAdapterFactory$Adapter.write(Lcom/google/gson/stream/JsonWriter;Ljava/util/Collection;)V (58 bytes) @ 0x0000000106c7d48c [0x0000000106c7d0c0+0x3cc]
J 2743 C1 com.google.gson.internal.bind.CollectionTypeAdapterFactory$Adapter.write(Lcom/google/gson/stream/JsonWriter;Ljava/lang/Object;)V (10 bytes) @ 0x0000000106c7f37c [0x0000000106c7f140+0x23c]
J 2765 C2 com.google.gson.internal.bind.TypeAdapterRuntimeTypeWrapper.write(Lcom/google/gson/stream/JsonWriter;Ljava/lang/Object;)V (81 bytes) @ 0x0000000106c919b0 [0x0000000106c918c0+0xf0]
J 2757 C1 com.google.gson.internal.bind.MapTypeAdapterFactory$Adapter.write(Lcom/google/gson/stream/JsonWriter;Ljava/util/Map;)V (394 bytes) @ 0x0000000106c81748 [0x0000000106c80d00+0xa48]
J 2756 C1 com.google.gson.internal.bind.MapTypeAdapterFactory$Adapter.write(Lcom/google/gson/stream/JsonWriter;Ljava/lang/Object;)V (10 bytes) @ 0x0000000106c8bafc [0x0000000106c8b8c0+0x23c]
J 2776 C2 com.google.gson.internal.bind.ReflectiveTypeAdapterFactory$Adapter.write(Lcom/google/gson/stream/JsonWriter;Ljava/lang/Object;)V (98 bytes) @ 0x0000000106ca7c20 [0x0000000106ca7680+0x5a0]
J 2758 C1 com.google.gson.Gson$FutureTypeAdapter.write(Lcom/google/gson/stream/JsonWriter;Ljava/lang/Object;)V (25 bytes) @ 0x0000000106c874f4 [0x0000000106c87380+0x174]
J 2776 C2 com.google.gson.internal.bind.ReflectiveTypeAdapterFactory$Adapter.write(Lcom/google/gson/stream/JsonWriter;Ljava/lang/Object;)V (98 bytes) @ 0x0000000106ca7c20 [0x0000000106ca7680+0x5a0]
J 2765 C2 com.google.gson.internal.bind.TypeAdapterRuntimeTypeWrapper.write(Lcom/google/gson/stream/JsonWriter;Ljava/lang/Object;)V (81 bytes) @ 0x0000000106c919b0 [0x0000000106c918c0+0xf0]
J 2744 C1 com.google.gson.internal.bind.CollectionTypeAdapterFactory$Adapter.write(Lcom/google/gson/stream/JsonWriter;Ljava/util/Collection;)V (58 bytes) @ 0x0000000106c7d48c [0x0000000106c7d0c0+0x3cc]
J 2743 C1 com.google.gson.internal.bind.CollectionTypeAdapterFactory$Adapter.write(Lcom/google/gson/stream/JsonWriter;Ljava/lang/Object;)V (10 bytes) @ 0x0000000106c7f37c [0x0000000106c7f140+0x23c]
J 2765 C2 com.google.gson.internal.bind.TypeAdapterRuntimeTypeWrapper.write(Lcom/google/gson/stream/JsonWriter;Ljava/lang/Object;)V (81 bytes) @ 0x0000000106c919b0 [0x0000000106c918c0+0xf0]
J 2757 C1 com.google.gson.internal.bind.MapTypeAdapterFactory$Adapter.write(Lcom/google/gson/stream/JsonWriter;Ljava/util/Map;)V (394 bytes) @ 0x0000000106c81748 [0x0000000106c80d00+0xa48]
J 2756 C1 com.google.gson.internal.bind.MapTypeAdapterFactory$Adapter.write(Lcom/google/gson/stream/JsonWriter;Ljava/lang/Object;)V (10 bytes) @ 0x0000000106c8bafc [0x0000000106c8b8c0+0x23c]
J 2776 C2 com.google.gson.internal.bind.ReflectiveTypeAdapterFactory$Adapter.write(Lcom/google/gson/stream/JsonWriter;Ljava/lang/Object;)V (98 bytes) @ 0x0000000106ca7c20 [0x0000000106ca7680+0x5a0]
J 2758 C1 com.google.gson.Gson$FutureTypeAdapter.write(Lcom/google/gson/stream/JsonWriter;Ljava/lang/Object;)V (25 bytes) @ 0x0000000106c874f4 [0x0000000106c87380+0x174]
J 2776 C2 com.google.gson.internal.bind.ReflectiveTypeAdapterFactory$Adapter.write(Lcom/google/gson/stream/JsonWriter;Ljava/lang/Object;)V (98 bytes) @ 0x0000000106ca7c20 [0x0000000106ca7680+0x5a0]
J 2765 C2 com.google.gson.internal.bind.TypeAdapterRuntimeTypeWrapper.write(Lcom/google/gson/stream/JsonWriter;Ljava/lang/Object;)V (81 bytes) @ 0x0000000106c919b0 [0x0000000106c918c0+0xf0]
J 2744 C1 com.google.gson.internal.bind.CollectionTypeAdapterFactory$Adapter.write(Lcom/google/gson/stream/JsonWriter;Ljava/util/Collection;)V (58 bytes) @ 0x0000000106c7d48c [0x0000000106c7d0c0+0x3cc]
J 2743 C1 com.google.gson.internal.bind.CollectionTypeAdapterFactory$Adapter.write(Lcom/google/gson/stream/JsonWriter;Ljava/lang/Object;)V (10 bytes) @ 0x0000000106c7f37c [0x0000000106c7f140+0x23c]
J 2765 C2 com.google.gson.internal.bind.TypeAdapterRuntimeTypeWrapper.write(Lcom/google/gson/stream/JsonWriter;Ljava/lang/Object;)V (81 bytes) @ 0x0000000106c919b0 [0x0000000106c918c0+0xf0]
J 2757 C1 com.google.gson.internal.bind.MapTypeAdapterFactory$Adapter.write(Lcom/google/gson/stream/JsonWriter;Ljava/util/Map;)V (394 bytes) @ 0x0000000106c81748 [0x0000000106c80d00+0xa48]
J 2756 C1 com.google.gson.internal.bind.MapTypeAdapterFactory$Adapter.write(Lcom/google/gson/stream/JsonWriter;Ljava/lang/Object;)V (10 bytes) @ 0x0000000106c8bafc [0x0000000106c8b8c0+0x23c]
J 2776 C2 com.google.gson.internal.bind.ReflectiveTypeAdapterFactory$Adapter.write(Lcom/google/gson/stream/JsonWriter;Ljava/lang/Object;)V (98 bytes) @ 0x0000000106ca7c20 [0x0000000106ca7680+0x5a0]
J 2758 C1 com.google.gson.Gson$FutureTypeAdapter.write(Lcom/google/gson/stream/JsonWriter;Ljava/lang/Object;)V (25 bytes) @ 0x0000000106c874f4 [0x0000000106c87380+0x174]
J 2776 C2 com.google.gson.internal.bind.ReflectiveTypeAdapterFactory$Adapter.write(Lcom/google/gson/stream/JsonWriter;Ljava/lang/Object;)V (98 bytes) @ 0x0000000106ca7c20 [0x0000000106ca7680+0x5a0]
J 2765 C2 com.google.gson.internal.bind.TypeAdapterRuntimeTypeWrapper.write(Lcom/google/gson/stream/JsonWriter;Ljava/lang/Object;)V (81 bytes) @ 0x0000000106c919b0 [0x0000000106c918c0+0xf0]
J 2744 C1 com.google.gson.internal.bind.CollectionTypeAdapterFactory$Adapter.write(Lcom/google/gson/stream/JsonWriter;Ljava/util/Collection;)V (58 bytes) @ 0x0000000106c7d48c [0x0000000106c7d0c0+0x3cc]
J 2743 C1 com.google.gson.internal.bind.CollectionTypeAdapterFactory$Adapter.write(Lcom/google/gson/stream/JsonWriter;Ljava/lang/Object;)V (10 bytes) @ 0x0000000106c7f37c [0x0000000106c7f140+0x23c]
J 2765 C2 com.google.gson.internal.bind.TypeAdapterRuntimeTypeWrapper.write(Lcom/google/gson/stream/JsonWriter;Ljava/lang/Object;)V (81 bytes) @ 0x0000000106c919b0 [0x0000000106c918c0+0xf0]
J 2757 C1 com.google.gson.internal.bind.MapTypeAdapterFactory$Adapter.write(Lcom/google/gson/stream/JsonWriter;Ljava/util/Map;)V (394 bytes) @ 0x0000000106c81748 [0x0000000106c80d00+0xa48]
J 2756 C1 com.google.gson.internal.bind.MapTypeAdapterFactory$Adapter.write(Lcom/google/gson/stream/JsonWriter;Ljava/lang/Object;)V (10 bytes) @ 0x0000000106c8bafc [0x0000000106c8b8c0+0x23c]
J 2776 C2 com.google.gson.internal.bind.ReflectiveTypeAdapterFactory$Adapter.write(Lcom/google/gson/stream/JsonWriter;Ljava/lang/Object;)V (98 bytes) @ 0x0000000106ca7c20 [0x0000000106ca7680+0x5a0]
J 2758 C1 com.google.gson.Gson$FutureTypeAdapter.write(Lcom/google/gson/stream/JsonWriter;Ljava/lang/Object;)V (25 bytes) @ 0x0000000106c874f4 [0x0000000106c87380+0x174]
J 2776 C2 com.google.gson.internal.bind.ReflectiveTypeAdapterFactory$Adapter.write(Lcom/google/gson/stream/JsonWriter;Ljava/lang/Object;)V (98 bytes) @ 0x0000000106ca7c20 [0x0000000106ca7680+0x5a0]
...<more frames>...


---------------  P R O C E S S  ---------------

Java Threads: ( => current thread )
  0x0000000145318000 JavaThread "Attach Listener" daemon [_thread_blocked, id=1331, stack(0x0000000172754000,0x0000000172957000)]
  0x0000000145255000 JavaThread "Prism Font Disposer" daemon [_thread_blocked, id=74347, stack(0x0000000172548000,0x000000017274b000)]
  0x0000000135022000 JavaThread "JavaFX-Launcher" [_thread_blocked, id=75527, stack(0x000000017233c000,0x000000017253f000)]
  0x0000000155b06000 JavaThread "Media Resource Disposer" daemon [_thread_blocked, id=53507, stack(0x0000000172130000,0x0000000172333000)]
  0x00000001358d8800 JavaThread "Thread-4" daemon [_thread_in_native, id=81675, stack(0x0000000172018000,0x000000017209b000)]
=>0x00000001358f6000 JavaThread "JavaFX Application Thread" [_thread_in_Java, id=259, stack(0x000000016cfc4000,0x000000016efc4000)]
  0x00000001451b9800 JavaThread "Thread-1" daemon [_thread_blocked, id=38927, stack(0x0000000171e0c000,0x000000017200f000)]
  0x000000013582b800 JavaThread "QuantumRenderer-0" daemon [_thread_blocked, id=42755, stack(0x0000000171a5c000,0x0000000171c5f000)]
  0x0000000155068800 JavaThread "Service Thread" daemon [_thread_blocked, id=43267, stack(0x0000000171644000,0x0000000171847000)]
  0x0000000136010800 JavaThread "C1 CompilerThread3" daemon [_thread_blocked, id=16131, stack(0x0000000171438000,0x000000017163b000)]
  0x0000000135009000 JavaThread "C2 CompilerThread2" daemon [_thread_in_native, id=16387, stack(0x000000017122c000,0x000000017142f000)]
  0x0000000135008800 JavaThread "C2 CompilerThread1" daemon [_thread_in_vm, id=16643, stack(0x0000000171020000,0x0000000171223000)]
  0x0000000155989800 JavaThread "C2 CompilerThread0" daemon [_thread_in_native, id=15363, stack(0x0000000170e14000,0x0000000171017000)]
  0x0000000155985800 JavaThread "Monitor Ctrl-Break" daemon [_thread_in_native, id=17411, stack(0x0000000170c08000,0x0000000170e0b000)]
  0x0000000155813000 JavaThread "Signal Dispatcher" daemon [_thread_blocked, id=17667, stack(0x00000001709fc000,0x0000000170bff000)]
  0x0000000155067800 JavaThread "Finalizer" daemon [_thread_blocked, id=13059, stack(0x00000001706d8000,0x00000001708db000)]
  0x0000000155064800 JavaThread "Reference Handler" daemon [_thread_blocked, id=12547, stack(0x00000001704cc000,0x00000001706cf000)]
  0x000000015500f800 JavaThread "main" [_thread_blocked, id=5635, stack(0x000000016f054000,0x000000016f257000)]

Other Threads:
  0x000000015505e000 VMThread [stack: 0x00000001702c0000,0x00000001704c3000] [id=12035]
  0x0000000136818800 WatcherThread [stack: 0x0000000171850000,0x0000000171a53000] [id=22019]

VM state:not at safepoint (normal execution)

VM Mutex/Monitor currently owned by a thread: None

heap address: 0x0000000740000000, size: 2048 MB, Compressed Oops mode: Zero based, Oop shift amount: 3
Narrow klass base: 0x0000000800000000, Narrow klass shift: 0
Compressed class space size: 1073741824 Address: 0x0000000800000000

Heap:
 PSYoungGen      total 38400K, used 5448K [0x0000000795580000, 0x0000000798000000, 0x00000007c0000000)
  eden space 33280K, 3% used [0x0000000795580000,0x000000079569e690,0x0000000797600000)
  from space 5120K, 84% used [0x0000000797b00000,0x0000000797f33d10,0x0000000798000000)
  to   space 5120K, 0% used [0x0000000797600000,0x0000000797600000,0x0000000797b00000)
 ParOldGen       total 87552K, used 38790K [0x0000000740000000, 0x0000000745580000, 0x0000000795580000)
  object space 87552K, 44% used [0x0000000740000000,0x00000007425e1918,0x0000000745580000)
 Metaspace       used 20185K, capacity 20996K, committed 21120K, reserved 1067008K
  class space    used 2629K, capacity 2841K, committed 2944K, reserved 1048576K

Card table byte_map: [0x000000010130c000,0x0000000101710000] byte_map_base: 0x00000000fd90c000

Marking Bits: (ParMarkBitMap*) 0x0000000105e9da70
 Begin Bits: [0x000000010e7c8000, 0x00000001107c8000)
 End Bits:   [0x00000001107c8000, 0x00000001127c8000)

Polling page: 0x0000000100f18000

CodeCache: size=131072Kb used=7554Kb max_used=7687Kb free=123517Kb
 bounds [0x000000010651c000, 0x0000000106cbc000, 0x000000010e51c000]
 total_blobs=3268 nmethods=2602 adapters=581
 compilation: enabled

Compilation events (10 events):
Event: 20.113 Thread 0x0000000155989800 2774       4       com.google.gson.internal.bind.TypeAdapters$15::write (10 bytes)
Event: 20.205 Thread 0x0000000155989800 nmethod 2774 0x0000000106c94390 code [0x0000000106c94580, 0x0000000106c94d38]
Event: 20.244 Thread 0x0000000135009000 nmethod 2773 0x0000000106ca4390 code [0x0000000106ca4680, 0x0000000106ca5a28]
Event: 20.244 Thread 0x0000000135009000 2775       4       com.google.gson.stream.JsonWriter::push (47 bytes)
Event: 20.245 Thread 0x0000000155989800 2777       4       com.google.gson.stream.JsonWriter::beginObject (12 bytes)
Event: 20.245 Thread 0x0000000135008800 nmethod 2776 0x0000000106ca7390 code [0x0000000106ca7680, 0x0000000106ca8c70]
Event: 20.245 Thread 0x0000000135009000 nmethod 2775 0x000000010663d110 code [0x000000010663d280, 0x000000010663d3a8]
Event: 20.245 Thread 0x0000000135009000 2782       4       com.google.gson.stream.JsonWriter::value (155 bytes)
Event: 20.245 Thread 0x0000000136010800 2784       3       java.nio.Buffer::flip (20 bytes)
Event: 20.245 Thread 0x0000000135008800 2783       4       com.google.gson.stream.JsonWriter::isTrustedNumberType (66 bytes)

GC Heap History (8 events):
Event: 0.420 GC heap before
{Heap before GC invocations=1 (full 0):
 PSYoungGen      total 38400K, used 33280K [0x0000000795580000, 0x0000000798000000, 0x00000007c0000000)
  eden space 33280K, 100% used [0x0000000795580000,0x0000000797600000,0x0000000797600000)
  from space 5120K, 0% used [0x0000000797b00000,0x0000000797b00000,0x0000000798000000)
  to   space 5120K, 0% used [0x0000000797600000,0x0000000797600000,0x0000000797b00000)
 ParOldGen       total 87552K, used 0K [0x0000000740000000, 0x0000000745580000, 0x0000000795580000)
  object space 87552K, 0% used [0x0000000740000000,0x0000000740000000,0x0000000745580000)
 Metaspace       used 13510K, capacity 13926K, committed 14208K, reserved 1060864K
  class space    used 1679K, capacity 1824K, committed 1920K, reserved 1048576K
Event: 0.423 GC heap after
Heap after GC invocations=1 (full 0):
 PSYoungGen      total 38400K, used 4000K [0x0000000795580000, 0x0000000798000000, 0x00000007c0000000)
  eden space 33280K, 0% used [0x0000000795580000,0x0000000795580000,0x0000000797600000)
  from space 5120K, 78% used [0x0000000797600000,0x00000007979e8050,0x0000000797b00000)
  to   space 5120K, 0% used [0x0000000797b00000,0x0000000797b00000,0x0000000798000000)
 ParOldGen       total 87552K, used 16K [0x0000000740000000, 0x0000000745580000, 0x0000000795580000)
  object space 87552K, 0% used [0x0000000740000000,0x0000000740004000,0x0000000745580000)
 Metaspace       used 13510K, capacity 13926K, committed 14208K, reserved 1060864K
  class space    used 1679K, capacity 1824K, committed 1920K, reserved 1048576K
}
Event: 5.349 GC heap before
{Heap before GC invocations=2 (full 0):
 PSYoungGen      total 38400K, used 34208K [0x0000000795580000, 0x0000000798000000, 0x00000007c0000000)
  eden space 33280K, 90% used [0x0000000795580000,0x0000000797300060,0x0000000797600000)
  from space 5120K, 78% used [0x0000000797600000,0x00000007979e8050,0x0000000797b00000)
  to   space 5120K, 0% used [0x0000000797b00000,0x0000000797b00000,0x0000000798000000)
 ParOldGen       total 87552K, used 16K [0x0000000740000000, 0x0000000745580000, 0x0000000795580000)
  object space 87552K, 0% used [0x0000000740000000,0x0000000740004000,0x0000000745580000)
 Metaspace       used 17728K, capacity 18374K, committed 18432K, reserved 1064960K
  class space    used 2307K, capacity 2518K, committed 2560K, reserved 1048576K
Event: 5.353 GC heap after
Heap after GC invocations=2 (full 0):
 PSYoungGen      total 38400K, used 5088K [0x0000000795580000, 0x0000000798000000, 0x00000007c0000000)
  eden space 33280K, 0% used [0x0000000795580000,0x0000000795580000,0x0000000797600000)
  from space 5120K, 99% used [0x0000000797b00000,0x0000000797ff8020,0x0000000798000000)
  to   space 5120K, 0% used [0x0000000797600000,0x0000000797600000,0x0000000797b00000)
 ParOldGen       total 87552K, used 12401K [0x0000000740000000, 0x0000000745580000, 0x0000000795580000)
  object space 87552K, 14% used [0x0000000740000000,0x0000000740c1c7c8,0x0000000745580000)
 Metaspace       used 17728K, capacity 18374K, committed 18432K, reserved 1064960K
  class space    used 2307K, capacity 2518K, committed 2560K, reserved 1048576K
}
Event: 10.016 GC heap before
{Heap before GC invocations=3 (full 0):
 PSYoungGen      total 38400K, used 38368K [0x0000000795580000, 0x0000000798000000, 0x00000007c0000000)
  eden space 33280K, 100% used [0x0000000795580000,0x0000000797600000,0x0000000797600000)
  from space 5120K, 99% used [0x0000000797b00000,0x0000000797ff8020,0x0000000798000000)
  to   space 5120K, 0% used [0x0000000797600000,0x0000000797600000,0x0000000797b00000)
 ParOldGen       total 87552K, used 12401K [0x0000000740000000, 0x0000000745580000, 0x0000000795580000)
  object space 87552K, 14% used [0x0000000740000000,0x0000000740c1c7c8,0x0000000745580000)
 Metaspace       used 19713K, capacity 20512K, committed 20864K, reserved 1067008K
  class space    used 2621K, capacity 2837K, committed 2944K, reserved 1048576K
Event: 10.023 GC heap after
Heap after GC invocations=3 (full 0):
 PSYoungGen      total 38400K, used 4651K [0x0000000795580000, 0x0000000798000000, 0x00000007c0000000)
  eden space 33280K, 0% used [0x0000000795580000,0x0000000795580000,0x0000000797600000)
  from space 5120K, 90% used [0x0000000797600000,0x0000000797a8ad60,0x0000000797b00000)
  to   space 5120K, 0% used [0x0000000797b00000,0x0000000797b00000,0x0000000798000000)
 ParOldGen       total 87552K, used 38782K [0x0000000740000000, 0x0000000745580000, 0x0000000795580000)
  object space 87552K, 44% used [0x0000000740000000,0x00000007425df918,0x0000000745580000)
 Metaspace       used 19713K, capacity 20512K, committed 20864K, reserved 1067008K
  class space    used 2621K, capacity 2837K, committed 2944K, reserved 1048576K
}
Event: 20.121 GC heap before
{Heap before GC invocations=4 (full 0):
 PSYoungGen      total 38400K, used 37931K [0x0000000795580000, 0x0000000798000000, 0x00000007c0000000)
  eden space 33280K, 100% used [0x0000000795580000,0x0000000797600000,0x0000000797600000)
  from space 5120K, 90% used [0x0000000797600000,0x0000000797a8ad60,0x0000000797b00000)
  to   space 5120K, 0% used [0x0000000797b00000,0x0000000797b00000,0x0000000798000000)
 ParOldGen       total 87552K, used 38782K [0x0000000740000000, 0x0000000745580000, 0x0000000795580000)
  object space 87552K, 44% used [0x0000000740000000,0x00000007425df918,0x0000000745580000)
 Metaspace       used 20185K, capacity 20996K, committed 21120K, reserved 1067008K
  class space    used 2629K, capacity 2841K, committed 2944K, reserved 1048576K
Event: 20.130 GC heap after
Heap after GC invocations=4 (full 0):
 PSYoungGen      total 38400K, used 4303K [0x0000000795580000, 0x0000000798000000, 0x00000007c0000000)
  eden space 33280K, 0% used [0x0000000795580000,0x0000000795580000,0x0000000797600000)
  from space 5120K, 84% used [0x0000000797b00000,0x0000000797f33d10,0x0000000798000000)
  to   space 5120K, 0% used [0x0000000797600000,0x0000000797600000,0x0000000797b00000)
 ParOldGen       total 87552K, used 38790K [0x0000000740000000, 0x0000000745580000, 0x0000000795580000)
  object space 87552K, 44% used [0x0000000740000000,0x00000007425e1918,0x0000000745580000)
 Metaspace       used 20185K, capacity 20996K, committed 21120K, reserved 1067008K
  class space    used 2629K, capacity 2841K, committed 2944K, reserved 1048576K
}

Deoptimization events (10 events):
Event: 0.701 Thread 0x00000001358f6000 Uncommon trap: reason=unstable_if action=reinterpret pc=0x000000010671e08c method=java.lang.CharacterData.of(I)Ljava/lang/CharacterData; @ 4
Event: 0.710 Thread 0x00000001358f6000 Uncommon trap: reason=unstable_if action=reinterpret pc=0x000000010685601c method=java.util.HashMap.putVal(ILjava/lang/Object;Ljava/lang/Object;ZZ)Ljava/lang/Object; @ 193
Event: 0.778 Thread 0x000000013582b800 Uncommon trap: reason=unstable_if action=reinterpret pc=0x00000001067a415c method=sun.net.www.ParseUtil.encodePath(Ljava/lang/String;Z)Ljava/lang/String; @ 109
Event: 5.262 Thread 0x00000001358f6000 Uncommon trap: reason=unstable_if action=reinterpret pc=0x00000001068105d8 method=jdk.internal.org.objectweb.asm.Type.getArgumentsAndReturnSizes(Ljava/lang/String;)I @ 47
Event: 5.310 Thread 0x00000001358f6000 Uncommon trap: reason=class_check action=maybe_recompile pc=0x000000010683e274 method=java.util.zip.InflaterInputStream.read([BII)I @ 100
Event: 5.310 Thread 0x00000001358f6000 Uncommon trap: reason=unstable_if action=reinterpret pc=0x000000010683e4fc method=java.util.zip.InflaterInputStream.read([BII)I @ 69
Event: 5.349 Thread 0x00000001358f6000 Uncommon trap: reason=class_check action=maybe_recompile pc=0x0000000106836518 method=java.io.SequenceInputStream.read([BII)I @ 58
Event: 5.417 Thread 0x00000001358f6000 Uncommon trap: reason=unstable_if action=reinterpret pc=0x00000001069320d8 method=java.lang.ClassLoader.checkName(Ljava/lang/String;)Z @ 20
Event: 8.518 Thread 0x00000001358f6000 Uncommon trap: reason=class_check action=maybe_recompile pc=0x0000000106836518 method=java.io.SequenceInputStream.read([BII)I @ 58
Event: 8.518 Thread 0x00000001358f6000 Uncommon trap: reason=class_check action=maybe_recompile pc=0x0000000106836518 method=java.io.SequenceInputStream.read([BII)I @ 58

Classes redefined (0 events):
No events

Internal exceptions (10 events):
Event: 5.349 Thread 0x00000001358f6000 Exception <a 'java/io/FileNotFoundException'> (0x00000007972a3cb0) thrown at [/System/Volumes/Data/ws/workspace/jdk-8u322/label/macosx-aarch64/type/b8/build/hotspot/src/share/vm/prims/jni.cpp, line 711]
Event: 8.506 Thread 0x00000001358f6000 Exception <a 'java/io/FileNotFoundException'> (0x00000007966cbf68) thrown at [/System/Volumes/Data/ws/workspace/jdk-8u322/label/macosx-aarch64/type/b8/build/hotspot/src/share/vm/prims/jni.cpp, line 711]
Event: 8.511 Thread 0x00000001358f6000 Exception <a 'java/io/FileNotFoundException'> (0x00000007966f5048) thrown at [/System/Volumes/Data/ws/workspace/jdk-8u322/label/macosx-aarch64/type/b8/build/hotspot/src/share/vm/prims/jni.cpp, line 711]
Event: 9.181 Thread 0x00000001358f6000 Exception <a 'java/io/FileNotFoundException'> (0x0000000796831d10) thrown at [/System/Volumes/Data/ws/workspace/jdk-8u322/label/macosx-aarch64/type/b8/build/hotspot/src/share/vm/prims/jni.cpp, line 711]
Event: 9.234 Thread 0x00000001358f6000 Exception <a 'java/io/FileNotFoundException'> (0x00000007968446e0) thrown at [/System/Volumes/Data/ws/workspace/jdk-8u322/label/macosx-aarch64/type/b8/build/hotspot/src/share/vm/prims/jni.cpp, line 711]
Event: 9.239 Thread 0x00000001358f6000 Exception <a 'java/io/FileNotFoundException'> (0x0000000796853cd8) thrown at [/System/Volumes/Data/ws/workspace/jdk-8u322/label/macosx-aarch64/type/b8/build/hotspot/src/share/vm/prims/jni.cpp, line 711]
Event: 9.244 Thread 0x00000001358f6000 Exception <a 'java/io/FileNotFoundException'> (0x0000000796f93738) thrown at [/System/Volumes/Data/ws/workspace/jdk-8u322/label/macosx-aarch64/type/b8/build/hotspot/src/share/vm/prims/jni.cpp, line 711]
Event: 9.263 Thread 0x00000001358f6000 Exception <a 'java/io/FileNotFoundException'> (0x0000000796f9a9d8) thrown at [/System/Volumes/Data/ws/workspace/jdk-8u322/label/macosx-aarch64/type/b8/build/hotspot/src/share/vm/prims/jni.cpp, line 711]
Event: 16.128 Thread 0x00000001358f6000 Exception <a 'java/io/FileNotFoundException'> (0x0000000795692b18) thrown at [/System/Volumes/Data/ws/workspace/jdk-8u322/label/macosx-aarch64/type/b8/build/hotspot/src/share/vm/prims/jni.cpp, line 711]
Event: 17.358 Thread 0x00000001358f6000 Exception <a 'java/io/FileNotFoundException'> (0x0000000795746ad8) thrown at [/System/Volumes/Data/ws/workspace/jdk-8u322/label/macosx-aarch64/type/b8/build/hotspot/src/share/vm/prims/jni.cpp, line 711]

Events (10 events):
Event: 20.229 Thread 0x0000000155989800 flushing nmethod 0x000000010663a590
Event: 20.229 Executing VM operation: RevokeBias
Event: 20.244 Executing VM operation: RevokeBias done
Event: 20.244 Thread 0x0000000155989800 flushing nmethod 0x000000010663d010
Event: 20.244 Thread 0x0000000155989800 flushing nmethod 0x0000000106645cd0
Event: 20.245 Thread 0x0000000135008800 flushing nmethod 0x00000001066cc990
Event: 20.245 Thread 0x0000000135008800 flushing nmethod 0x00000001066d1ed0
Event: 20.245 Thread 0x0000000135008800 flushing nmethod 0x00000001066d6290
Event: 20.245 Thread 0x0000000135008800 flushing nmethod 0x0000000106727e10
Event: 20.245 Thread 0x0000000135008800 flushing nmethod 0x000000010672a990


Dynamic libraries:
0x0000000199c39000 	/System/Library/Frameworks/Cocoa.framework/Versions/A/Cocoa
0x0000000187b52000 	/System/Library/Frameworks/Security.framework/Versions/A/Security
0x0000000197fa5000 	/System/Library/Frameworks/ApplicationServices.framework/Versions/A/ApplicationServices
0x000000018f710000 	/usr/lib/libz.1.dylib
0x000000018f7b6000 	/usr/lib/libSystem.B.dylib
0x0000000185d96000 	/System/Library/Frameworks/CoreFoundation.framework/Versions/A/CoreFoundation
0x0000000186b5e000 	/System/Library/Frameworks/Foundation.framework/Versions/C/Foundation
0x0000000185bad000 	/usr/lib/libobjc.A.dylib
0x00000001885c8000 	/System/Library/Frameworks/AppKit.framework/Versions/C/AppKit
0x000000018b3ec000 	/System/Library/Frameworks/CoreData.framework/Versions/A/CoreData
0x000000018930a000 	/System/Library/PrivateFrameworks/UIFoundation.framework/Versions/A/UIFoundation
0x0000000194e1b000 	/System/Library/PrivateFrameworks/RemoteViewServices.framework/Versions/A/RemoteViewServices
0x000000018e030000 	/System/Library/PrivateFrameworks/XCTTargetBootstrap.framework/Versions/A/XCTTargetBootstrap
0x0000000190971000 	/usr/lib/libspindump.dylib
0x0000000189531000 	/System/Library/Frameworks/UniformTypeIdentifiers.framework/Versions/A/UniformTypeIdentifiers
0x000000018c618000 	/usr/lib/libapp_launch_measurement.dylib
0x000000018c61b000 	/System/Library/PrivateFrameworks/CoreAutoLayout.framework/Versions/A/CoreAutoLayout
0x000000018d9ad000 	/System/Library/Frameworks/Metal.framework/Versions/A/Metal
0x000000018e60d000 	/usr/lib/liblangid.dylib
0x000000018e034000 	/System/Library/PrivateFrameworks/CoreSVG.framework/Versions/A/CoreSVG
0x000000018a5e4000 	/System/Library/PrivateFrameworks/SkyLight.framework/Versions/A/SkyLight
0x000000018a953000 	/System/Library/Frameworks/CoreGraphics.framework/Versions/A/CoreGraphics
0x000000019533b000 	/System/Library/Frameworks/Accelerate.framework/Versions/A/Accelerate
0x00000001903cb000 	/System/Library/PrivateFrameworks/IconServices.framework/Versions/A/IconServices
0x000000018d991000 	/System/Library/Frameworks/IOSurface.framework/Versions/A/IOSurface
0x000000018bcbb000 	/usr/lib/libDiagnosticMessagesClient.dylib
0x000000018e018000 	/System/Library/PrivateFrameworks/DFRFoundation.framework/Versions/A/DFRFoundation
0x0000000187eb9000 	/usr/lib/libicucore.A.dylib
0x0000000191ebf000 	/System/Library/Frameworks/AudioToolbox.framework/Versions/A/AudioToolbox
0x00000001910d2000 	/System/Library/PrivateFrameworks/DataDetectorsCore.framework/Versions/A/DataDetectorsCore
0x000000018a55f000 	/usr/lib/libMobileGestalt.dylib
0x000000018dd0d000 	/System/Library/Frameworks/Carbon.framework/Versions/A/Frameworks/HIToolbox.framework/Versions/A/HIToolbox
0x000000018c0b6000 	/System/Library/Frameworks/QuartzCore.framework/Versions/A/QuartzCore
0x0000000194e53000 	/System/Library/Frameworks/Carbon.framework/Versions/A/Frameworks/SpeechRecognition.framework/Versions/A/SpeechRecognition
0x000000018c3b6000 	/System/Library/PrivateFrameworks/CoreUI.framework/Versions/A/CoreUI
0x0000000187537000 	/System/Library/Frameworks/CoreAudio.framework/Versions/A/CoreAudio
0x000000018bda4000 	/System/Library/Frameworks/DiskArbitration.framework/Versions/A/DiskArbitration
0x0000000190d24000 	/System/Library/PrivateFrameworks/MultitouchSupport.framework/Versions/A/MultitouchSupport
0x00000001910c9000 	/System/Library/PrivateFrameworks/InternationalSupport.framework/Versions/A/InternationalSupport
0x000000018a55d000 	/usr/lib/libenergytrace.dylib
0x00000001884a2000 	/System/Library/Frameworks/IOKit.framework/Versions/A/IOKit
0x000000019517e000 	/System/Library/Frameworks/CoreServices.framework/Versions/A/CoreServices
0x000000018c5ae000 	/System/Library/PrivateFrameworks/PerformanceAnalysis.framework/Versions/A/PerformanceAnalysis
0x00000001c7ddd000 	/System/Library/Frameworks/OpenGL.framework/Versions/A/OpenGL
0x0000000191147000 	/System/Library/PrivateFrameworks/UserActivity.framework/Versions/A/UserActivity
0x000000018af41000 	/System/Library/Frameworks/ColorSync.framework/Versions/A/ColorSync
0x000000018e27f000 	/System/Library/Frameworks/CoreImage.framework/Versions/A/CoreImage
0x0000000187367000 	/System/Library/Frameworks/CoreText.framework/Versions/A/CoreText
0x000000018e05f000 	/System/Library/Frameworks/ImageIO.framework/Versions/A/ImageIO
0x000000018f7bc000 	/System/Library/PrivateFrameworks/SoftLinking.framework/Versions/A/SoftLinking
0x000000018c65e000 	/usr/lib/libxml2.2.dylib
0x0000000185c6c000 	/usr/lib/libc++.1.dylib
0x000000018fa3c000 	/usr/lib/libcompression.dylib
0x0000000191015000 	/System/Library/PrivateFrameworks/TextureIO.framework/Versions/A/TextureIO
0x0000000190127000 	/usr/lib/libate.dylib
0x000000018f7b0000 	/usr/lib/system/libcache.dylib
0x000000018f76f000 	/usr/lib/system/libcommonCrypto.dylib
0x000000018f799000 	/usr/lib/system/libcompiler_rt.dylib
0x000000018f790000 	/usr/lib/system/libcopyfile.dylib
0x0000000185ac8000 	/usr/lib/system/libcorecrypto.dylib
0x0000000185b68000 	/usr/lib/system/libdispatch.dylib
0x0000000185d21000 	/usr/lib/system/libdyld.dylib
0x000000018f7a6000 	/usr/lib/system/libkeymgr.dylib
0x0000000192bd5000 	/usr/lib/system/liblaunch.dylib
0x000000018f751000 	/usr/lib/system/libmacho.dylib
0x000000018efc3000 	/usr/lib/system/libquarantine.dylib
0x000000018f7a3000 	/usr/lib/system/libremovefile.dylib
0x000000018a5b2000 	/usr/lib/system/libsystem_asl.dylib
0x0000000185a76000 	/usr/lib/system/libsystem_blocks.dylib
0x0000000185bea000 	/usr/lib/system/libsystem_c.dylib
0x000000018f79d000 	/usr/lib/system/libsystem_collections.dylib
0x000000018e5fd000 	/usr/lib/system/libsystem_configuration.dylib
0x000000018d97f000 	/usr/lib/system/libsystem_containermanager.dylib
0x000000018f526000 	/usr/lib/system/libsystem_coreservices.dylib
0x000000018812b000 	/usr/lib/system/libsystem_darwin.dylib
0x000000018f7a7000 	/usr/lib/system/libsystem_dnssd.dylib
0x0000000185be7000 	/usr/lib/system/libsystem_featureflags.dylib
0x0000000185d6a000 	/usr/lib/system/libsystem_info.dylib
0x000000018f722000 	/usr/lib/system/libsystem_m.dylib
0x0000000185b3c000 	/usr/lib/system/libsystem_malloc.dylib
0x000000018a54d000 	/usr/lib/system/libsystem_networkextension.dylib
0x000000018856e000 	/usr/lib/system/libsystem_notify.dylib
0x0000000195089000 	/usr/lib/system/libsystem_product_info_filter.dylib
0x000000018e602000 	/usr/lib/system/libsystem_sandbox.dylib
0x000000018f7a0000 	/usr/lib/system/libsystem_secinit.dylib
0x0000000185ce0000 	/usr/lib/system/libsystem_kernel.dylib
0x0000000185d63000 	/usr/lib/system/libsystem_platform.dylib
0x0000000185d14000 	/usr/lib/system/libsystem_pthread.dylib
0x000000018bb23000 	/usr/lib/system/libsystem_symptoms.dylib
0x0000000185ab0000 	/usr/lib/system/libsystem_trace.dylib
0x000000018f77d000 	/usr/lib/system/libunwind.dylib
0x0000000185a78000 	/usr/lib/system/libxpc.dylib
0x0000000185cc8000 	/usr/lib/libc++abi.dylib
0x000000018f788000 	/usr/lib/liboah.dylib
0x000000018ff70000 	/usr/lib/liblzma.5.dylib
0x0000000186873000 	/System/Library/Frameworks/SystemConfiguration.framework/Versions/A/SystemConfiguration
0x000000018f7b8000 	/usr/lib/libfakelink.dylib
0x000000018a0c4000 	/System/Library/Frameworks/CFNetwork.framework/Versions/A/CFNetwork
0x000000018f902000 	/usr/lib/libarchive.2.dylib
0x00000001868fb000 	/usr/lib/libCRFSuite.dylib
0x000000018efed000 	/usr/lib/libbsm.0.dylib
0x000000018997b000 	/usr/lib/libnetwork.dylib
0x000000018f7bd000 	/usr/lib/libpcap.A.dylib
0x000000018bb1b000 	/usr/lib/libdns_services.dylib
0x000000018ff89000 	/usr/lib/libcoretls_cfhelpers.dylib
0x000000018fa0b000 	/usr/lib/libapple_nghttp2.dylib
0x000000018f757000 	/usr/lib/system/libkxld.dylib
0x000000018b7ac000 	/usr/lib/libsqlite3.dylib
0x000000018f509000 	/System/Library/PrivateFrameworks/AppleFSCompression.framework/Versions/A/AppleFSCompression
0x000000018efd6000 	/usr/lib/libcoretls.dylib
0x000000018fa37000 	/usr/lib/libpam.2.dylib
0x0000000190070000 	/usr/lib/libxar.1.dylib
0x000000018e609000 	/System/Library/PrivateFrameworks/AppleSystemInfo.framework/Versions/A/AppleSystemInfo
0x000000018ec26000 	/System/Library/PrivateFrameworks/IOMobileFramebuffer.framework/Versions/A/IOMobileFramebuffer
0x000000018f519000 	/usr/lib/libbz2.1.0.dylib
0x000000018f7f9000 	/usr/lib/libiconv.2.dylib
0x000000018f750000 	/usr/lib/libcharset.1.dylib
0x000000018c5e7000 	/System/Library/Frameworks/CoreServices.framework/Versions/A/Frameworks/FSEvents.framework/Versions/A/FSEvents
0x0000000188136000 	/System/Library/Frameworks/CoreServices.framework/Versions/A/Frameworks/CarbonCore.framework/Versions/A/CarbonCore
0x000000018bd0a000 	/System/Library/Frameworks/CoreServices.framework/Versions/A/Frameworks/Metadata.framework/Versions/A/Metadata
0x000000018f52b000 	/System/Library/Frameworks/CoreServices.framework/Versions/A/Frameworks/OSServices.framework/Versions/A/OSServices
0x000000018f973000 	/System/Library/Frameworks/CoreServices.framework/Versions/A/Frameworks/SearchKit.framework/Versions/A/SearchKit
0x000000018baa7000 	/System/Library/Frameworks/CoreServices.framework/Versions/A/Frameworks/AE.framework/Versions/A/AE
0x0000000186245000 	/System/Library/Frameworks/CoreServices.framework/Versions/A/Frameworks/LaunchServices.framework/Versions/A/LaunchServices
0x000000018ff1d000 	/System/Library/Frameworks/CoreServices.framework/Versions/A/Frameworks/DictionaryServices.framework/Versions/A/DictionaryServices
0x000000018c5f4000 	/System/Library/Frameworks/CoreServices.framework/Versions/A/Frameworks/SharedFileList.framework/Versions/A/SharedFileList
0x000000018efc6000 	/usr/lib/libCheckFix.dylib
0x000000018a5ca000 	/System/Library/PrivateFrameworks/TCC.framework/Versions/A/TCC
0x000000018e60f000 	/System/Library/PrivateFrameworks/CoreNLP.framework/Versions/A/CoreNLP
0x000000018bcbe000 	/System/Library/PrivateFrameworks/MetadataUtilities.framework/Versions/A/MetadataUtilities
0x000000018692f000 	/usr/lib/libmecabra.dylib
0x000000018f2ac000 	/System/Library/Frameworks/MLCompute.framework/Versions/A/MLCompute
0x000000018effe000 	/usr/lib/libmecab.dylib
0x000000018f044000 	/usr/lib/libgermantok.dylib
0x000000018f9e4000 	/usr/lib/libThaiTokenizer.dylib
0x00000001900ac000 	/usr/lib/libChineseTokenizer.dylib
0x000000018fa35000 	/System/Library/Frameworks/MetalPerformanceShaders.framework/Versions/A/MetalPerformanceShaders
0x000000018bdab000 	/System/Library/Frameworks/Accelerate.framework/Versions/A/Frameworks/vImage.framework/Versions/A/vImage
0x000000019515c000 	/System/Library/Frameworks/Accelerate.framework/Versions/A/Frameworks/vecLib.framework/Versions/A/vecLib
0x00000001900b7000 	/System/Library/Frameworks/Accelerate.framework/Versions/A/Frameworks/vecLib.framework/Versions/A/libvMisc.dylib
0x000000018eb64000 	/System/Library/Frameworks/Accelerate.framework/Versions/A/Frameworks/vecLib.framework/Versions/A/libvDSP.dylib
0x0000000186559000 	/System/Library/Frameworks/Accelerate.framework/Versions/A/Frameworks/vecLib.framework/Versions/A/libBLAS.dylib
0x000000018fa60000 	/System/Library/Frameworks/Accelerate.framework/Versions/A/Frameworks/vecLib.framework/Versions/A/libLAPACK.dylib
0x000000018f049000 	/System/Library/Frameworks/Accelerate.framework/Versions/A/Frameworks/vecLib.framework/Versions/A/libLinearAlgebra.dylib
0x000000018fa22000 	/System/Library/Frameworks/Accelerate.framework/Versions/A/Frameworks/vecLib.framework/Versions/A/libSparseBLAS.dylib
0x000000018fa5b000 	/System/Library/Frameworks/Accelerate.framework/Versions/A/Frameworks/vecLib.framework/Versions/A/libQuadrature.dylib
0x000000018e6a5000 	/System/Library/Frameworks/Accelerate.framework/Versions/A/Frameworks/vecLib.framework/Versions/A/libBNNS.dylib
0x000000018680f000 	/System/Library/Frameworks/Accelerate.framework/Versions/A/Frameworks/vecLib.framework/Versions/A/libSparse.dylib
0x000000018e598000 	/System/Library/Frameworks/MetalPerformanceShaders.framework/Versions/A/Frameworks/MPSCore.framework/Versions/A/MPSCore
0x000000018f481000 	/System/Library/Frameworks/MetalPerformanceShaders.framework/Versions/A/Frameworks/MPSImage.framework/Versions/A/MPSImage
0x000000018f05e000 	/System/Library/Frameworks/MetalPerformanceShaders.framework/Versions/A/Frameworks/MPSNeuralNetwork.framework/Versions/A/MPSNeuralNetwork
0x000000018f3ff000 	/System/Library/Frameworks/MetalPerformanceShaders.framework/Versions/A/Frameworks/MPSMatrix.framework/Versions/A/MPSMatrix
0x000000018f262000 	/System/Library/Frameworks/MetalPerformanceShaders.framework/Versions/A/Frameworks/MPSRayIntersector.framework/Versions/A/MPSRayIntersector
0x000000018f42e000 	/System/Library/Frameworks/MetalPerformanceShaders.framework/Versions/A/Frameworks/MPSNDArray.framework/Versions/A/MPSNDArray
0x000000018647e000 	/System/Library/PrivateFrameworks/MetalTools.framework/Versions/A/MetalTools
0x000000018e607000 	/System/Library/PrivateFrameworks/AggregateDictionary.framework/Versions/A/AggregateDictionary
0x000000018bc88000 	/System/Library/PrivateFrameworks/CoreAnalytics.framework/Versions/A/CoreAnalytics
0x000000018f9e6000 	/System/Library/PrivateFrameworks/AppleSauce.framework/Versions/A/AppleSauce
0x000000018d9a3000 	/System/Library/PrivateFrameworks/IOAccelerator.framework/Versions/A/IOAccelerator
0x00000001c7dd0000 	/System/Library/Frameworks/OpenGL.framework/Versions/A/Libraries/libCoreFSCache.dylib
0x0000000186eeb000 	/System/Library/PrivateFrameworks/LanguageModeling.framework/Versions/A/LanguageModeling
0x000000018ec13000 	/System/Library/PrivateFrameworks/CoreEmoji.framework/Versions/A/CoreEmoji
0x000000018e69d000 	/System/Library/PrivateFrameworks/LinguisticData.framework/Versions/A/LinguisticData
0x00000001867c4000 	/System/Library/PrivateFrameworks/Lexicon.framework/Versions/A/Lexicon
0x000000018f8ef000 	/usr/lib/libcmph.dylib
0x000000018c5c7000 	/System/Library/Frameworks/OpenDirectory.framework/Versions/A/Frameworks/CFOpenDirectory.framework/Versions/A/CFOpenDirectory
0x000000018c5b9000 	/System/Library/Frameworks/OpenDirectory.framework/Versions/A/OpenDirectory
0x000000018ff8b000 	/System/Library/PrivateFrameworks/APFS.framework/Versions/A/APFS
0x000000018ef2f000 	/System/Library/Frameworks/SecurityFoundation.framework/Versions/A/SecurityFoundation
0x000000019007e000 	/usr/lib/libutil.dylib
0x0000000188466000 	/System/Library/PrivateFrameworks/CoreServicesStore.framework/Versions/A/CoreServicesStore
0x000000018efbd000 	/System/Library/Frameworks/ServiceManagement.framework/Versions/A/ServiceManagement
0x0000000190082000 	/usr/lib/libxslt.1.dylib
0x000000018efb3000 	/System/Library/PrivateFrameworks/BackgroundTaskManagement.framework/Versions/A/BackgroundTaskManagement
0x0000000190f64000 	/System/Library/Frameworks/ImageIO.framework/Versions/A/Resources/libRadiance.dylib
0x0000000190f6d000 	/System/Library/Frameworks/ImageIO.framework/Versions/A/Resources/libJPEG.dylib
0x0000000190ec1000 	/System/Library/Frameworks/ImageIO.framework/Versions/A/Resources/libPng.dylib
0x0000000190ee3000 	/System/Library/Frameworks/ImageIO.framework/Versions/A/Resources/libTIFF.dylib
0x0000000190fbe000 	/System/Library/Frameworks/ImageIO.framework/Versions/A/Resources/libGIF.dylib
0x0000000190c3e000 	/System/Library/Frameworks/ImageIO.framework/Versions/A/Resources/libJP2.dylib
0x0000000190394000 	/usr/lib/libexpat.1.dylib
0x0000000190bfa000 	/System/Library/PrivateFrameworks/AppleJPEG.framework/Versions/A/AppleJPEG
0x000000018dbb4000 	/System/Library/PrivateFrameworks/FontServices.framework/libFontParser.dylib
0x000000018ba59000 	/System/Library/PrivateFrameworks/RunningBoardServices.framework/Versions/A/RunningBoardServices
0x000000019a170000 	/System/Library/PrivateFrameworks/IOSurfaceAccelerator.framework/Versions/A/IOSurfaceAccelerator
0x0000000190d20000 	/System/Library/PrivateFrameworks/WatchdogClient.framework/Versions/A/WatchdogClient
0x0000000186fdb000 	/System/Library/Frameworks/CoreDisplay.framework/Versions/A/CoreDisplay
0x000000018dabc000 	/System/Library/Frameworks/CoreMedia.framework/Versions/A/CoreMedia
0x000000018c74b000 	/System/Library/Frameworks/CoreVideo.framework/Versions/A/CoreVideo
0x0000000190d5d000 	/System/Library/Frameworks/VideoToolbox.framework/Versions/A/VideoToolbox
0x000000018b9d6000 	/System/Library/PrivateFrameworks/BaseBoard.framework/Versions/A/BaseBoard
0x00000001904d2000 	/System/Library/PrivateFrameworks/PersistentConnection.framework/Versions/A/PersistentConnection
0x000000018b795000 	/System/Library/PrivateFrameworks/ProtocolBuffer.framework/Versions/A/ProtocolBuffer
0x000000018b9bf000 	/System/Library/PrivateFrameworks/CommonUtilities.framework/Versions/A/CommonUtilities
0x0000000190bbf000 	/System/Library/PrivateFrameworks/Bom.framework/Versions/A/Bom
0x0000000190f5f000 	/System/Library/PrivateFrameworks/GPUWrangler.framework/Versions/A/GPUWrangler
0x0000000190f40000 	/System/Library/PrivateFrameworks/IOPresentment.framework/Versions/A/IOPresentment
0x0000000190f67000 	/System/Library/PrivateFrameworks/DSExternalDisplay.framework/Versions/A/DSExternalDisplay
0x0000000190fc3000 	/System/Library/PrivateFrameworks/CMCaptureCore.framework/Versions/A/CMCaptureCore
0x000000019095a000 	/System/Library/PrivateFrameworks/AppServerSupport.framework/Versions/A/AppServerSupport
0x000000019298f000 	/System/Library/PrivateFrameworks/perfdata.framework/Versions/A/perfdata
0x000000018ef1f000 	/System/Library/PrivateFrameworks/AssertionServices.framework/Versions/A/AssertionServices
0x00000001870fe000 	/System/Library/PrivateFrameworks/AudioToolboxCore.framework/Versions/A/AudioToolboxCore
0x000000018da9c000 	/System/Library/PrivateFrameworks/caulk.framework/Versions/A/caulk
0x00000001a17bd000 	/System/Library/PrivateFrameworks/SystemPolicy.framework/Versions/A/SystemPolicy
0x00000001901b9000 	/usr/lib/libIOReport.dylib
0x000000019222b000 	/usr/lib/libSMC.dylib
0x0000000190e8e000 	/usr/lib/libAudioToolboxUtility.dylib
0x00000001a214a000 	/usr/lib/libmis.dylib
0x00000001c7e32000 	/System/Library/Frameworks/OpenGL.framework/Versions/A/Libraries/libGLU.dylib
0x00000001c7df0000 	/System/Library/Frameworks/OpenGL.framework/Versions/A/Libraries/libGFXShared.dylib
0x00000001c7fd8000 	/System/Library/Frameworks/OpenGL.framework/Versions/A/Libraries/libGL.dylib
0x00000001c7df9000 	/System/Library/Frameworks/OpenGL.framework/Versions/A/Libraries/libGLImage.dylib
0x00000001c7ded000 	/System/Library/Frameworks/OpenGL.framework/Versions/A/Libraries/libCVMSPluginSupport.dylib
0x00000001c7dd7000 	/System/Library/Frameworks/OpenGL.framework/Versions/A/Libraries/libCoreVMClient.dylib
0x0000000198caa000 	/System/Library/PrivateFrameworks/ASEProcessing.framework/Versions/A/ASEProcessing
0x00000001904f9000 	/System/Library/PrivateFrameworks/GraphVisualizer.framework/Versions/A/GraphVisualizer
0x0000000190507000 	/System/Library/PrivateFrameworks/FaceCore.framework/Versions/A/FaceCore
0x000000019091a000 	/System/Library/PrivateFrameworks/OTSVG.framework/Versions/A/OTSVG
0x000000018c374000 	/System/Library/Frameworks/ApplicationServices.framework/Versions/A/Frameworks/ATS.framework/Versions/A/Resources/libFontRegistry.dylib
0x0000000190962000 	/System/Library/PrivateFrameworks/FontServices.framework/libhvf.dylib
0x00000001c8173000 	/System/Library/Frameworks/OpenCL.framework/Versions/A/OpenCL
0x0000000190348000 	/System/Library/PrivateFrameworks/AppleVA.framework/Versions/A/AppleVA
0x0000000192077000 	/System/Library/Frameworks/ApplicationServices.framework/Versions/A/Frameworks/ATS.framework/Versions/A/ATS
0x000000019238a000 	/System/Library/Frameworks/ApplicationServices.framework/Versions/A/Frameworks/ColorSyncLegacy.framework/Versions/A/ColorSyncLegacy
0x000000018b037000 	/System/Library/Frameworks/ApplicationServices.framework/Versions/A/Frameworks/HIServices.framework/Versions/A/HIServices
0x0000000192369000 	/System/Library/Frameworks/ApplicationServices.framework/Versions/A/Frameworks/LangAnalysis.framework/Versions/A/LangAnalysis
0x0000000190fcd000 	/System/Library/Frameworks/ApplicationServices.framework/Versions/A/Frameworks/PrintCore.framework/Versions/A/PrintCore
0x0000000192392000 	/System/Library/Frameworks/ApplicationServices.framework/Versions/A/Frameworks/QD.framework/Versions/A/QD
0x0000000192063000 	/System/Library/Frameworks/ApplicationServices.framework/Versions/A/Frameworks/SpeechSynthesis.framework/Versions/A/SpeechSynthesis
0x0000000190f8e000 	/System/Library/Frameworks/ApplicationServices.framework/Versions/A/Frameworks/ATSUI.framework/Versions/A/ATSUI
0x000000019230b000 	/usr/lib/libcups.2.dylib
0x000000019237d000 	/System/Library/PrivateFrameworks/NetAuth.framework/Versions/A/NetAuth
0x00000001929a9000 	/System/Library/Frameworks/Kerberos.framework/Versions/A/Kerberos
0x00000001929ba000 	/System/Library/Frameworks/GSS.framework/Versions/A/GSS
0x00000001920e6000 	/usr/lib/libresolv.9.dylib
0x0000000190978000 	/System/Library/PrivateFrameworks/Heimdal.framework/Versions/A/Heimdal
0x0000000198295000 	/System/Library/Frameworks/Kerberos.framework/Versions/A/Libraries/libHeimdalProxy.dylib
0x000000018bb2b000 	/System/Library/Frameworks/Network.framework/Versions/A/Network
0x00000001903af000 	/usr/lib/libheimdal-asn1.dylib
0x0000000192a02000 	/System/Library/PrivateFrameworks/CommonAuth.framework/Versions/A/CommonAuth
0x000000018c79f000 	/System/Library/PrivateFrameworks/login.framework/Versions/A/Frameworks/loginsupport.framework/Versions/A/loginsupport
0x0000000191fe8000 	/System/Library/PrivateFrameworks/AudioSession.framework/Versions/A/AudioSession
0x0000000192050000 	/usr/lib/libAudioStatistics.dylib
0x000000019042f000 	/System/Library/PrivateFrameworks/MediaExperience.framework/Versions/A/MediaExperience
0x0000000191e89000 	/System/Library/PrivateFrameworks/AudioSession.framework/libSessionUtility.dylib
0x000000019299b000 	/usr/lib/libperfcheck.dylib
0x000000019239e000 	/System/Library/PrivateFrameworks/AudioResourceArbitration.framework/Versions/A/AudioResourceArbitration
0x00000001903b8000 	/System/Library/PrivateFrameworks/IconFoundation.framework/Versions/A/IconFoundation
0x0000000194e43000 	/System/Library/PrivateFrameworks/SpeechRecognitionCore.framework/Versions/A/SpeechRecognitionCore
0x0000000105800000 	/Users/amir/Library/Java/JavaVirtualMachines/liberica-1.8.0_322/jre/lib/server/libjvm.dylib
0x0000000100eb0000 	/Users/amir/Library/Java/JavaVirtualMachines/liberica-1.8.0_322/jre/lib/libverify.dylib
0x0000000100ec8000 	/Users/amir/Library/Java/JavaVirtualMachines/liberica-1.8.0_322/jre/lib/libjava.dylib
0x0000000100f1c000 	/Users/amir/Library/Java/JavaVirtualMachines/liberica-1.8.0_322/jre/lib/libinstrument.dylib
0x0000000100f9c000 	/Users/amir/Library/Java/JavaVirtualMachines/liberica-1.8.0_322/jre/lib/libzip.dylib
0x0000000115650000 	/Users/amir/Library/Java/JavaVirtualMachines/liberica-1.8.0_322/jre/lib/libnio.dylib
0x0000000115678000 	/Users/amir/Library/Java/JavaVirtualMachines/liberica-1.8.0_322/jre/lib/libnet.dylib
0x00000001156b0000 	/Users/amir/Library/Java/JavaVirtualMachines/liberica-1.8.0_322/jre/lib/libprism_es2.dylib
0x000000018842a000 	/System/Library/PrivateFrameworks/CoreServicesInternal.framework/Versions/A/CoreServicesInternal
0x00000001c7fe3000 	/System/Library/Frameworks/OpenGL.framework/Versions/A/Resources/GLEngine.bundle/GLEngine
0x00000001c7e6b000 	/System/Library/Frameworks/OpenGL.framework/Versions/A/Libraries/libGLProgrammability.dylib
0x0000000115794000 	/System/Library/Extensions/AppleMetalOpenGLRenderer.bundle/Contents/MacOS/AppleMetalOpenGLRenderer
0x00000001c814e000 	/System/Library/Frameworks/OpenGL.framework/Versions/A/Resources/GLRendererFloat.bundle/GLRendererFloat
0x0000000115828000 	/System/Library/Extensions/AGXMetal13_3.bundle/Contents/MacOS/AGXMetal13_3
0x000000019d26e000 	/System/Library/PrivateFrameworks/IOGPU.framework/Versions/A/IOGPU
0x00000001c5b7e000 	/System/Library/PrivateFrameworks/GPUCompiler.framework/Versions/31001/Libraries/libmetal_timestamp.dylib
0x0000000115ea8000 	/Users/amir/Library/Java/JavaVirtualMachines/liberica-1.8.0_322/jre/lib/libglass.dylib
0x0000000195e29000 	/System/Library/Frameworks/FileProvider.framework/Versions/A/FileProvider
0x000000018b94a000 	/System/Library/Frameworks/Accounts.framework/Versions/A/Accounts
0x0000000195f80000 	/System/Library/PrivateFrameworks/GenerationalStorage.framework/Versions/A/GenerationalStorage
0x0000000196941000 	/System/Library/PrivateFrameworks/CoreSymbolication.framework/Versions/A/CoreSymbolication
0x0000000195bf4000 	/System/Library/PrivateFrameworks/SymptomDiagnosticReporter.framework/Versions/A/SymptomDiagnosticReporter
0x0000000189544000 	/System/Library/PrivateFrameworks/DesktopServicesPriv.framework/Versions/A/DesktopServicesPriv
0x000000018857a000 	/usr/lib/libsandbox.1.dylib
0x000000018c7c9000 	/System/Library/PrivateFrameworks/UserManagement.framework/Versions/A/UserManagement
0x000000018eefc000 	/System/Library/PrivateFrameworks/MobileKeyBag.framework/Versions/A/MobileKeyBag
0x0000000196906000 	/System/Library/PrivateFrameworks/DebugSymbols.framework/Versions/A/DebugSymbols
0x0000000193384000 	/System/Library/PrivateFrameworks/Sharing.framework/Versions/A/Sharing
0x00000001978f7000 	/System/Library/PrivateFrameworks/Apple80211.framework/Versions/A/Apple80211
0x000000018f55c000 	/System/Library/PrivateFrameworks/AuthKit.framework/Versions/A/AuthKit
0x000000018ecfa000 	/System/Library/PrivateFrameworks/CoreUtils.framework/Versions/A/CoreUtils
0x000000018ec31000 	/System/Library/Frameworks/CoreWLAN.framework/Versions/A/CoreWLAN
0x00000001934c1000 	/System/Library/Frameworks/IOBluetooth.framework/Versions/A/IOBluetooth
0x0000000197957000 	/System/Library/PrivateFrameworks/CoreWiFi.framework/Versions/A/CoreWiFi
0x0000000192a83000 	/System/Library/PrivateFrameworks/CorePhoneNumbers.framework/Versions/A/CorePhoneNumbers
0x0000000195d08000 	/System/Library/PrivateFrameworks/DiskManagement.framework/Versions/A/DiskManagement
0x0000000195c13000 	/System/Library/PrivateFrameworks/AppleIDAuthSupport.framework/Versions/A/AppleIDAuthSupport
0x0000000192a65000 	/System/Library/PrivateFrameworks/KeychainCircle.framework/Versions/A/KeychainCircle
0x0000000195cd4000 	/System/Library/PrivateFrameworks/MediaKit.framework/Versions/A/MediaKit
0x0000000195c1f000 	/System/Library/Frameworks/DiscRecording.framework/Versions/A/DiscRecording
0x00000001902c4000 	/usr/lib/libCoreStorage.dylib
0x0000000197d67000 	/usr/lib/libcsfde.dylib
0x00000001935c4000 	/System/Library/PrivateFrameworks/ProtectedCloudStorage.framework/Versions/A/ProtectedCloudStorage
0x0000000197d5f000 	/System/Library/PrivateFrameworks/EFILogin.framework/Versions/A/EFILogin
0x000000019833c000 	/System/Library/Frameworks/AudioUnit.framework/Versions/A/AudioUnit
0x0000000195b98000 	/System/Library/Frameworks/CoreBluetooth.framework/Versions/A/CoreBluetooth
0x00000001902bc000 	/usr/lib/libMatch.1.dylib
0x00000001175d8000 	/usr/lib/libobjc-trampolines.dylib
0x00000001a5b3d000 	/System/Library/Frameworks/Accelerate.framework/Versions/A/Frameworks/vImage.framework/Versions/A/Libraries/libCGInterfaces.dylib
0x00000001d9246000 	/usr/lib/libRosetta.dylib
0x000000018c4ce000 	/System/Library/PrivateFrameworks/ViewBridge.framework/Versions/A/ViewBridge
0x0000000190a2b000 	/System/Library/PrivateFrameworks/login.framework/Versions/A/login
0x000000011a800000 	/Users/amir/Library/Java/JavaVirtualMachines/liberica-1.8.0_322/jre/lib/libglib-lite.dylib
0x0000000192bd8000 	/usr/lib/libffi.dylib
0x000000011a93c000 	/Users/amir/Library/Java/JavaVirtualMachines/liberica-1.8.0_322/jre/lib/libgstreamer-lite.dylib
0x000000011aaf8000 	/Users/amir/Library/Java/JavaVirtualMachines/liberica-1.8.0_322/jre/lib/libjfxmedia.dylib
0x000000011ab38000 	/Users/amir/Library/Java/JavaVirtualMachines/liberica-1.8.0_322/jre/lib/libjfxmedia_avf.dylib
0x00000001a15f7000 	/System/Library/Frameworks/AVFoundation.framework/Versions/A/AVFoundation
0x00000001911a7000 	/System/Library/Frameworks/MediaToolbox.framework/Versions/A/MediaToolbox
0x00000001c8c59000 	/System/Library/Frameworks/AVFAudio.framework/Versions/A/AVFAudio
0x0000000196441000 	/System/Library/PrivateFrameworks/AVFCore.framework/Versions/A/AVFCore
0x000000019c369000 	/System/Library/PrivateFrameworks/AVFCapture.framework/Versions/A/AVFCapture
0x00000001a0820000 	/System/Library/PrivateFrameworks/AirPlaySync.framework/Versions/A/AirPlaySync
0x00000001921c6000 	/System/Library/Frameworks/CoreMediaIO.framework/Versions/A/CoreMediaIO
0x0000000195df9000 	/System/Library/PrivateFrameworks/CoreAVCHD.framework/Versions/A/CoreAVCHD
0x000000019537e000 	/System/Library/Frameworks/MediaAccessibility.framework/Versions/A/MediaAccessibility
0x0000000195df5000 	/System/Library/PrivateFrameworks/Mangrove.framework/Versions/A/Mangrove
0x000000019538b000 	/System/Library/PrivateFrameworks/AlgosScoreFramework.framework/Versions/A/AlgosScoreFramework
0x0000000195de9000 	/System/Library/PrivateFrameworks/CoreAUC.framework/Versions/A/CoreAUC
0x000000019c47e000 	/System/Library/PrivateFrameworks/Quagga.framework/Versions/A/Quagga
0x000000019c510000 	/System/Library/PrivateFrameworks/CMCapture.framework/Versions/A/CMCapture
0x000000019845c000 	/System/Library/PrivateFrameworks/Espresso.framework/Versions/A/Espresso
0x0000000199aca000 	/System/Library/PrivateFrameworks/AppleNeuralEngine.framework/Versions/A/AppleNeuralEngine
0x0000000198b61000 	/System/Library/PrivateFrameworks/ANEServices.framework/Versions/A/ANEServices
0x00000001cb221000 	/System/Library/PrivateFrameworks/CMImaging.framework/Versions/A/CMImaging
0x0000000197a83000 	/System/Library/PrivateFrameworks/BackBoardServices.framework/Versions/A/BackBoardServices
0x00000001965fa000 	/System/Library/PrivateFrameworks/FrontBoardServices.framework/Versions/A/FrontBoardServices
0x0000000196671000 	/System/Library/PrivateFrameworks/BoardServices.framework/Versions/A/BoardServices
0x000000011a4e0000 	/Users/amir/Library/Java/JavaVirtualMachines/liberica-1.8.0_322/jre/lib/libjavafx_font.dylib
0x000000011ef28000 	/Users/amir/Library/Java/JavaVirtualMachines/liberica-1.8.0_322/jre/lib/libprism_common.dylib
0x00000001953bc000 	/System/Library/PrivateFrameworks/SystemAdministration.framework/Versions/A/SystemAdministration
0x0000000194e0f000 	/System/Library/Frameworks/DirectoryService.framework/Versions/A/DirectoryService
0x0000000197c07000 	/System/Library/PrivateFrameworks/DiskImages.framework/Versions/A/DiskImages
0x0000000197dd4000 	/System/Library/PrivateFrameworks/LoginUIKit.framework/Versions/A/Frameworks/LoginUICore.framework/Versions/A/LoginUICore
0x0000000190bbb000 	/usr/lib/libodfde.dylib
0x0000000197d73000 	/usr/lib/libcurl.4.dylib
0x0000000197ade000 	/usr/lib/libcrypto.44.dylib
0x0000000197bda000 	/usr/lib/libssl.46.dylib
0x0000000197aa0000 	/System/Library/Frameworks/LDAP.framework/Versions/A/LDAP
0x0000000197adc000 	/System/Library/PrivateFrameworks/TrustEvaluationAgent.framework/Versions/A/TrustEvaluationAgent
0x00000001920ff000 	/usr/lib/libsasl2.2.dylib
0x00000001953b1000 	/System/Library/PrivateFrameworks/CoreDaemon.framework/Versions/B/CoreDaemon
0x00000001953ab000 	/System/Library/PrivateFrameworks/AppleSRP.framework/Versions/A/AppleSRP
0x000000011c9a8000 	/Users/amir/Library/Java/JavaVirtualMachines/liberica-1.8.0_322/jre/lib/libjavafx_iio.dylib

VM Arguments:
jvm_args: -Djava.library.path=/Users/amir/Desktop/javafx-sdk-18.0.1/lib -javaagent:/Applications/IntelliJ IDEA.app/Contents/lib/idea_rt.jar=50947:/Applications/IntelliJ IDEA.app/Contents/bin -Dfile.encoding=UTF-8 
java_command: Main
java_class_path (initial): /Users/amir/Library/Java/JavaVirtualMachines/liberica-1.8.0_322/jre/lib/charsets.jar:/Users/amir/Library/Java/JavaVirtualMachines/liberica-1.8.0_322/jre/lib/ext/cldrdata.jar:/Users/amir/Library/Java/JavaVirtualMachines/liberica-1.8.0_322/jre/lib/ext/dnsns.jar:/Users/amir/Library/Java/JavaVirtualMachines/liberica-1.8.0_322/jre/lib/ext/jaccess.jar:/Users/amir/Library/Java/JavaVirtualMachines/liberica-1.8.0_322/jre/lib/ext/jfxrt.jar:/Users/amir/Library/Java/JavaVirtualMachines/liberica-1.8.0_322/jre/lib/ext/localedata.jar:/Users/amir/Library/Java/JavaVirtualMachines/liberica-1.8.0_322/jre/lib/ext/nashorn.jar:/Users/amir/Library/Java/JavaVirtualMachines/liberica-1.8.0_322/jre/lib/ext/sunec.jar:/Users/amir/Library/Java/JavaVirtualMachines/liberica-1.8.0_322/jre/lib/ext/sunjce_provider.jar:/Users/amir/Library/Java/JavaVirtualMachines/liberica-1.8.0_322/jre/lib/ext/sunpkcs11.jar:/Users/amir/Library/Java/JavaVirtualMachines/liberica-1.8.0_322/jre/lib/ext/zipfs.jar:/Users/amir/Library/Java/JavaVirtualMachines/liberica-1.8.0_322/jre/lib/jce.jar:/Users/amir/Library/Java/JavaVirtualMachines/liberica-1.8.0_322/jre/lib/jfr.jar:/Users/amir/Library/Java/JavaVirtualMachines/liberica-1.8.0_322/jre/lib/jfxswt.jar:/Users/amir/Library/Java/JavaVirtualMachines/liberica-1.8.0_322/jre/lib/jsse.jar:/Users/amir/Library/Java/JavaVirtualMachines/liberica-1.8.0_322/jre/lib/management-agent.jar:/Users/amir/Library/Java/JavaVirtualMachines/liberica-1.8.0_322/jre/lib/resources.jar:/Users/amir/Library/Java/JavaVirtualMachines/liberica-1.8.0_322/jre/lib/rt.jar:/Users/amir/Desktop/project-group-16/target/classes:/Users/amir/Desktop/javafx-sdk-18.0.1/lib/javafx-swt.jar:/Users/amir/Desktop/javafx-sdk-18.0.1/lib/javafx.web.jar:/Users/amir/Desktop/javafx-sdk-18.0.1/lib/javafx.base.jar:/Users/amir/Desktop/javafx-sdk-18.0.1/lib/javafx.fxml.jar:/Users/amir/Desktop/javafx-sdk-18.0.1/lib/javafx.media.jar:/Users/amir/Desktop/javafx-sdk-18.0.1/lib/javafx.swing.jar:/Users/amir/Deskto
Launcher Type: SUN_STANDARD

Environment Variables:
PATH=/opt/homebrew/bin:/opt/homebrew/sbin:/usr/local/bin:/usr/bin:/bin:/usr/sbin:/sbin:/Library/Apple/usr/bin
SHELL=/bin/zsh

Signal Handlers:
SIGSEGV: [libjvm.dylib+0x54ffdc], sa_mask[0]=11111111011111110111111111111111, sa_flags=SA_ONSTACK|SA_RESTART|SA_SIGINFO
SIGBUS: [libjvm.dylib+0x54ffdc], sa_mask[0]=11111111011111110111111111111111, sa_flags=SA_RESTART|SA_SIGINFO
SIGFPE: [libjvm.dylib+0x44d678], sa_mask[0]=11111111011111110111111111111111, sa_flags=SA_RESTART|SA_SIGINFO
SIGPIPE: [libjvm.dylib+0x44d678], sa_mask[0]=11111111011111110111111111111111, sa_flags=SA_RESTART|SA_SIGINFO
SIGXFSZ: [libjvm.dylib+0x44d678], sa_mask[0]=11111111011111110111111111111111, sa_flags=SA_RESTART|SA_SIGINFO
SIGILL: [libjvm.dylib+0x44d678], sa_mask[0]=11111111011111110111111111111111, sa_flags=SA_RESTART|SA_SIGINFO
SIGUSR1: SIG_DFL, sa_mask[0]=00000000000000000000000000000000, sa_flags=none
SIGUSR2: [libjvm.dylib+0x44df9c], sa_mask[0]=00100000000000000000000000000000, sa_flags=SA_RESTART|SA_SIGINFO
SIGHUP: [libjvm.dylib+0x44bf28], sa_mask[0]=11111111011111110111111111111111, sa_flags=SA_RESTART|SA_SIGINFO
SIGINT: [libjvm.dylib+0x44bf28], sa_mask[0]=11111111011111110111111111111111, sa_flags=SA_RESTART|SA_SIGINFO
SIGTERM: [libjvm.dylib+0x44bf28], sa_mask[0]=11111111011111110111111111111111, sa_flags=SA_RESTART|SA_SIGINFO
SIGQUIT: [libjvm.dylib+0x44bf28], sa_mask[0]=11111111011111110111111111111111, sa_flags=SA_RESTART|SA_SIGINFO


---------------  S Y S T E M  ---------------

OS:Bsduname:Darwin 20.6.0 Darwin Kernel Version 20.6.0: Mon Aug 30 06:12:20 PDT 2021; root:xnu-7195.141.6~3/RELEASE_ARM64_T8101 arm64
rlimit: STACK 8176k, CORE 0k, NPROC 1333, NOFILE 10240, AS infinity
load average:2.23 3.33 2.81

CPU:total 8 (initial active 8) simd, crc, lse

Memory: 16k page, physical 8388608k(397472k free)

/proc/meminfo:


vm_info: OpenJDK 64-Bit Server VM (25.322-b06) for bsd-aarch64 JRE (1.8.0_322-b06), built on Jan 19 2022 05:50:08 by "re" with gcc Apple LLVM 12.0.0 (clang-1200.0.32.28)

time: Mon Jul 11 13:23:25 2022
timezone: +0430
elapsed time: 20.250673 seconds (0d 0h 0m 20s)

